[2018-04-22 04:30:49][11802:564687371:1524342649][][[interface.php][main][7][INFO][0] request:]
[2018-04-22 04:30:49][11802:564687371:1524342649][][[interface.php][main][16][INFO][0] response(123):{"returnValue":4001,"returnMsg":"http post body is empty or invalid json format in post body from client!","returnData":[]}]
[2018-04-22 07:22:47][19107:986783142:1524352967][][[interface.php][main][7][INFO][0] request:]
[2018-04-22 07:22:47][19107:986783142:1524352967][][[interface.php][main][16][INFO][0] response(123):{"returnValue":4001,"returnMsg":"http post body is empty or invalid json format in post body from client!","returnData":[]}]
[2018-04-22 07:23:25][11802:1945159882:1524353005][][[interface.php][main][7][INFO][0] request:{"flag":3,"pageno":1,"pagesize":20,"Action":"VIPFetchList"}]
[2018-04-22 07:23:25][11802:1945159882:1524353005][][appid:][[VIPFetchList.php][process][28][INFO][0] FetchList args=array (
  'flag' => 3,
  'pageno' => 1,
  'pagesize' => 20,
)]
[2018-04-22 07:23:25][11802:1945159882:1524353005][][appid:][[VIPFetchList.php][process][144][INFO][0] FetchList::process() succeed]
[2018-04-22 07:23:25][11802:1945159882:1524353005][][appid:][[interface.php][main][16][INFO][0] response(1612):{"returnValue":0,"returnMsg":"return successfully!","returnData":{"totalcount":7,"pusherlist":[{"userid":"qqqq1111","fileid":"7447398155508136284","timestamp":1523844267,"title":"vod test video","type":2,"data_type":5,"playurl":"http:\/\/1254539864.vod2.myqcloud.com\/7d46732evodgzp1254539864\/9fd0c22f7447398155508136284\/GweCEjb7EtkA.mp4","userinfo":{"nickname":"qqqq1111","headpic":"http:\/\/host-1254539864.file.myqcloud.com\/qqqq1111\/1523617118080","frontcover":"http:\/\/1254539864.vod2.myqcloud.com\/7d46732evodgzp1254539864\/9fd0c22f7447398155508136284\/7447398155508136285.jpg","location":""}},{"userid":"qqqq1111","fileid":"7447398155509776437","timestamp":1523843852,"title":"test vod","type":2,"data_type":5,"playurl":"http:\/\/1254539864.vod2.myqcloud.com\/7d46732evodgzp1254539864\/fb125c9a7447398155509776437\/AghpW1tJUvYA.mp4","userinfo":{"nickname":"qqqq1111","headpic":"http:\/\/host-1254539864.file.myqcloud.com\/qqqq1111\/1523617118080","frontcover":"http:\/\/1254539864.vod2.myqcloud.com\/7d46732evodgzp1254539864\/fb125c9a7447398155509776437\/7447398155509776438.jpg","location":""}},{"userid":"qqqq1111","fileid":"7447398155507279060","timestamp":1523843814,"title":"fhhjjjkk","type":2,"data_type":5,"playurl":"http:\/\/1254539864.vod2.myqcloud.com\/7d46732evodgzp1254539864\/5575ac6e7447398155507279060\/Qi515xNBzaIA.mp4","userinfo":{"nickname":"qqqq1111","headpic":"http:\/\/host-1254539864.file.myqcloud.com\/qqqq1111\/1523617118080","frontcover":"http:\/\/1254539864.vod2.myqcloud.com\/7d46732evodgzp1254539864\/5575ac6e7447398155507279060\/7447398155507279061.jpg","location":""}}]}}]
[2018-04-22 07:23:25][19106:632165850:1524353005][][[interface.php][main][7][INFO][0] request:{"flag":3,"pageno":1,"pagesize":20,"Action":"VIPFetchList"}]
[2018-04-22 07:23:25][19106:632165850:1524353005][][appid:][[VIPFetchList.php][process][28][INFO][0] FetchList args=array (
  'flag' => 3,
  'pageno' => 1,
  'pagesize' => 20,
)]
[2018-04-22 07:23:25][19106:632165850:1524353005][][appid:][[VIPFetchList.php][process][144][INFO][0] FetchList::process() succeed]
[2018-04-22 07:23:25][19106:632165850:1524353005][][appid:][[interface.php][main][16][INFO][0] response(1612):{"returnValue":0,"returnMsg":"return successfully!","returnData":{"totalcount":7,"pusherlist":[{"userid":"qqqq1111","fileid":"7447398155508136284","timestamp":1523844267,"title":"vod test video","type":2,"data_type":5,"playurl":"http:\/\/1254539864.vod2.myqcloud.com\/7d46732evodgzp1254539864\/9fd0c22f7447398155508136284\/GweCEjb7EtkA.mp4","userinfo":{"nickname":"qqqq1111","headpic":"http:\/\/host-1254539864.file.myqcloud.com\/qqqq1111\/1523617118080","frontcover":"http:\/\/1254539864.vod2.myqcloud.com\/7d46732evodgzp1254539864\/9fd0c22f7447398155508136284\/7447398155508136285.jpg","location":""}},{"userid":"qqqq1111","fileid":"7447398155509776437","timestamp":1523843852,"title":"test vod","type":2,"data_type":5,"playurl":"http:\/\/1254539864.vod2.myqcloud.com\/7d46732evodgzp1254539864\/fb125c9a7447398155509776437\/AghpW1tJUvYA.mp4","userinfo":{"nickname":"qqqq1111","headpic":"http:\/\/host-1254539864.file.myqcloud.com\/qqqq1111\/1523617118080","frontcover":"http:\/\/1254539864.vod2.myqcloud.com\/7d46732evodgzp1254539864\/fb125c9a7447398155509776437\/7447398155509776438.jpg","location":""}},{"userid":"qqqq1111","fileid":"7447398155507279060","timestamp":1523843814,"title":"fhhjjjkk","type":2,"data_type":5,"playurl":"http:\/\/1254539864.vod2.myqcloud.com\/7d46732evodgzp1254539864\/5575ac6e7447398155507279060\/Qi515xNBzaIA.mp4","userinfo":{"nickname":"qqqq1111","headpic":"http:\/\/host-1254539864.file.myqcloud.com\/qqqq1111\/1523617118080","frontcover":"http:\/\/1254539864.vod2.myqcloud.com\/7d46732evodgzp1254539864\/5575ac6e7447398155507279060\/7447398155507279061.jpg","location":""}}]}}]
[2018-04-22 07:24:25][19107:2006420140:1524353065][][[interface.php][main][7][INFO][0] request:{"flag":3,"pageno":1,"pagesize":20,"Action":"VIPFetchList"}]
[2018-04-22 07:24:25][19107:2006420140:1524353065][][appid:][[VIPFetchList.php][process][28][INFO][0] FetchList args=array (
  'flag' => 3,
  'pageno' => 1,
  'pagesize' => 20,
)]
[2018-04-22 07:24:25][19107:2006420140:1524353065][][appid:][[VIPFetchList.php][process][144][INFO][0] FetchList::process() succeed]
[2018-04-22 07:24:25][19107:2006420140:1524353065][][appid:][[interface.php][main][16][INFO][0] response(1612):{"returnValue":0,"returnMsg":"return successfully!","returnData":{"totalcount":7,"pusherlist":[{"userid":"qqqq1111","fileid":"7447398155508136284","timestamp":1523844267,"title":"vod test video","type":2,"data_type":5,"playurl":"http:\/\/1254539864.vod2.myqcloud.com\/7d46732evodgzp1254539864\/9fd0c22f7447398155508136284\/GweCEjb7EtkA.mp4","userinfo":{"nickname":"qqqq1111","headpic":"http:\/\/host-1254539864.file.myqcloud.com\/qqqq1111\/1523617118080","frontcover":"http:\/\/1254539864.vod2.myqcloud.com\/7d46732evodgzp1254539864\/9fd0c22f7447398155508136284\/7447398155508136285.jpg","location":""}},{"userid":"qqqq1111","fileid":"7447398155509776437","timestamp":1523843852,"title":"test vod","type":2,"data_type":5,"playurl":"http:\/\/1254539864.vod2.myqcloud.com\/7d46732evodgzp1254539864\/fb125c9a7447398155509776437\/AghpW1tJUvYA.mp4","userinfo":{"nickname":"qqqq1111","headpic":"http:\/\/host-1254539864.file.myqcloud.com\/qqqq1111\/1523617118080","frontcover":"http:\/\/1254539864.vod2.myqcloud.com\/7d46732evodgzp1254539864\/fb125c9a7447398155509776437\/7447398155509776438.jpg","location":""}},{"userid":"qqqq1111","fileid":"7447398155507279060","timestamp":1523843814,"title":"fhhjjjkk","type":2,"data_type":5,"playurl":"http:\/\/1254539864.vod2.myqcloud.com\/7d46732evodgzp1254539864\/5575ac6e7447398155507279060\/Qi515xNBzaIA.mp4","userinfo":{"nickname":"qqqq1111","headpic":"http:\/\/host-1254539864.file.myqcloud.com\/qqqq1111\/1523617118080","frontcover":"http:\/\/1254539864.vod2.myqcloud.com\/7d46732evodgzp1254539864\/5575ac6e7447398155507279060\/7447398155507279061.jpg","location":""}}]}}]
[2018-04-22 07:24:25][11802:485220637:1524353065][][[interface.php][main][7][INFO][0] request:{"flag":3,"pageno":1,"pagesize":20,"Action":"VIPFetchList"}]
[2018-04-22 07:24:25][11802:485220637:1524353065][][appid:][[VIPFetchList.php][process][28][INFO][0] FetchList args=array (
  'flag' => 3,
  'pageno' => 1,
  'pagesize' => 20,
)]
[2018-04-22 07:24:25][11802:485220637:1524353065][][appid:][[VIPFetchList.php][process][144][INFO][0] FetchList::process() succeed]
[2018-04-22 07:24:25][11802:485220637:1524353065][][appid:][[interface.php][main][16][INFO][0] response(1612):{"returnValue":0,"returnMsg":"return successfully!","returnData":{"totalcount":7,"pusherlist":[{"userid":"qqqq1111","fileid":"7447398155508136284","timestamp":1523844267,"title":"vod test video","type":2,"data_type":5,"playurl":"http:\/\/1254539864.vod2.myqcloud.com\/7d46732evodgzp1254539864\/9fd0c22f7447398155508136284\/GweCEjb7EtkA.mp4","userinfo":{"nickname":"qqqq1111","headpic":"http:\/\/host-1254539864.file.myqcloud.com\/qqqq1111\/1523617118080","frontcover":"http:\/\/1254539864.vod2.myqcloud.com\/7d46732evodgzp1254539864\/9fd0c22f7447398155508136284\/7447398155508136285.jpg","location":""}},{"userid":"qqqq1111","fileid":"7447398155509776437","timestamp":1523843852,"title":"test vod","type":2,"data_type":5,"playurl":"http:\/\/1254539864.vod2.myqcloud.com\/7d46732evodgzp1254539864\/fb125c9a7447398155509776437\/AghpW1tJUvYA.mp4","userinfo":{"nickname":"qqqq1111","headpic":"http:\/\/host-1254539864.file.myqcloud.com\/qqqq1111\/1523617118080","frontcover":"http:\/\/1254539864.vod2.myqcloud.com\/7d46732evodgzp1254539864\/fb125c9a7447398155509776437\/7447398155509776438.jpg","location":""}},{"userid":"qqqq1111","fileid":"7447398155507279060","timestamp":1523843814,"title":"fhhjjjkk","type":2,"data_type":5,"playurl":"http:\/\/1254539864.vod2.myqcloud.com\/7d46732evodgzp1254539864\/5575ac6e7447398155507279060\/Qi515xNBzaIA.mp4","userinfo":{"nickname":"qqqq1111","headpic":"http:\/\/host-1254539864.file.myqcloud.com\/qqqq1111\/1523617118080","frontcover":"http:\/\/1254539864.vod2.myqcloud.com\/7d46732evodgzp1254539864\/5575ac6e7447398155507279060\/7447398155507279061.jpg","location":""}}]}}]
[2018-04-22 07:25:24][19106:939219036:1524353124][][[interface.php][main][7][INFO][0] request:{"flag":3,"pageno":1,"pagesize":20,"Action":"VIPFetchList"}]
[2018-04-22 07:25:24][19106:939219036:1524353124][][appid:][[VIPFetchList.php][process][28][INFO][0] FetchList args=array (
  'flag' => 3,
  'pageno' => 1,
  'pagesize' => 20,
)]
[2018-04-22 07:25:25][19106:939219036:1524353124][][appid:][[VIPFetchList.php][process][144][INFO][0] FetchList::process() succeed]
[2018-04-22 07:25:25][19106:939219036:1524353124][][appid:][[interface.php][main][16][INFO][0] response(1612):{"returnValue":0,"returnMsg":"return successfully!","returnData":{"totalcount":7,"pusherlist":[{"userid":"qqqq1111","fileid":"7447398155508136284","timestamp":1523844267,"title":"vod test video","type":2,"data_type":5,"playurl":"http:\/\/1254539864.vod2.myqcloud.com\/7d46732evodgzp1254539864\/9fd0c22f7447398155508136284\/GweCEjb7EtkA.mp4","userinfo":{"nickname":"qqqq1111","headpic":"http:\/\/host-1254539864.file.myqcloud.com\/qqqq1111\/1523617118080","frontcover":"http:\/\/1254539864.vod2.myqcloud.com\/7d46732evodgzp1254539864\/9fd0c22f7447398155508136284\/7447398155508136285.jpg","location":""}},{"userid":"qqqq1111","fileid":"7447398155509776437","timestamp":1523843852,"title":"test vod","type":2,"data_type":5,"playurl":"http:\/\/1254539864.vod2.myqcloud.com\/7d46732evodgzp1254539864\/fb125c9a7447398155509776437\/AghpW1tJUvYA.mp4","userinfo":{"nickname":"qqqq1111","headpic":"http:\/\/host-1254539864.file.myqcloud.com\/qqqq1111\/1523617118080","frontcover":"http:\/\/1254539864.vod2.myqcloud.com\/7d46732evodgzp1254539864\/fb125c9a7447398155509776437\/7447398155509776438.jpg","location":""}},{"userid":"qqqq1111","fileid":"7447398155507279060","timestamp":1523843814,"title":"fhhjjjkk","type":2,"data_type":5,"playurl":"http:\/\/1254539864.vod2.myqcloud.com\/7d46732evodgzp1254539864\/5575ac6e7447398155507279060\/Qi515xNBzaIA.mp4","userinfo":{"nickname":"qqqq1111","headpic":"http:\/\/host-1254539864.file.myqcloud.com\/qqqq1111\/1523617118080","frontcover":"http:\/\/1254539864.vod2.myqcloud.com\/7d46732evodgzp1254539864\/5575ac6e7447398155507279060\/7447398155507279061.jpg","location":""}}]}}]
[2018-04-22 07:25:25][19107:1821717818:1524353125][][[interface.php][main][7][INFO][0] request:{"flag":3,"pageno":1,"pagesize":20,"Action":"VIPFetchList"}]
[2018-04-22 07:25:25][19107:1821717818:1524353125][][appid:][[VIPFetchList.php][process][28][INFO][0] FetchList args=array (
  'flag' => 3,
  'pageno' => 1,
  'pagesize' => 20,
)]
[2018-04-22 07:25:25][19107:1821717818:1524353125][][appid:][[VIPFetchList.php][process][144][INFO][0] FetchList::process() succeed]
[2018-04-22 07:25:25][19107:1821717818:1524353125][][appid:][[interface.php][main][16][INFO][0] response(1612):{"returnValue":0,"returnMsg":"return successfully!","returnData":{"totalcount":7,"pusherlist":[{"userid":"qqqq1111","fileid":"7447398155508136284","timestamp":1523844267,"title":"vod test video","type":2,"data_type":5,"playurl":"http:\/\/1254539864.vod2.myqcloud.com\/7d46732evodgzp1254539864\/9fd0c22f7447398155508136284\/GweCEjb7EtkA.mp4","userinfo":{"nickname":"qqqq1111","headpic":"http:\/\/host-1254539864.file.myqcloud.com\/qqqq1111\/1523617118080","frontcover":"http:\/\/1254539864.vod2.myqcloud.com\/7d46732evodgzp1254539864\/9fd0c22f7447398155508136284\/7447398155508136285.jpg","location":""}},{"userid":"qqqq1111","fileid":"7447398155509776437","timestamp":1523843852,"title":"test vod","type":2,"data_type":5,"playurl":"http:\/\/1254539864.vod2.myqcloud.com\/7d46732evodgzp1254539864\/fb125c9a7447398155509776437\/AghpW1tJUvYA.mp4","userinfo":{"nickname":"qqqq1111","headpic":"http:\/\/host-1254539864.file.myqcloud.com\/qqqq1111\/1523617118080","frontcover":"http:\/\/1254539864.vod2.myqcloud.com\/7d46732evodgzp1254539864\/fb125c9a7447398155509776437\/7447398155509776438.jpg","location":""}},{"userid":"qqqq1111","fileid":"7447398155507279060","timestamp":1523843814,"title":"fhhjjjkk","type":2,"data_type":5,"playurl":"http:\/\/1254539864.vod2.myqcloud.com\/7d46732evodgzp1254539864\/5575ac6e7447398155507279060\/Qi515xNBzaIA.mp4","userinfo":{"nickname":"qqqq1111","headpic":"http:\/\/host-1254539864.file.myqcloud.com\/qqqq1111\/1523617118080","frontcover":"http:\/\/1254539864.vod2.myqcloud.com\/7d46732evodgzp1254539864\/5575ac6e7447398155507279060\/7447398155507279061.jpg","location":""}}]}}]
[2018-04-22 07:26:24][11802:1599337603:1524353184][][[interface.php][main][7][INFO][0] request:{"flag":3,"pageno":1,"pagesize":20,"Action":"VIPFetchList"}]
[2018-04-22 07:26:24][11802:1599337603:1524353184][][appid:][[VIPFetchList.php][process][28][INFO][0] FetchList args=array (
  'flag' => 3,
  'pageno' => 1,
  'pagesize' => 20,
)]
[2018-04-22 07:26:24][11802:1599337603:1524353184][][appid:][[VIPFetchList.php][process][144][INFO][0] FetchList::process() succeed]
[2018-04-22 07:26:24][11802:1599337603:1524353184][][appid:][[interface.php][main][16][INFO][0] response(1612):{"returnValue":0,"returnMsg":"return successfully!","returnData":{"totalcount":7,"pusherlist":[{"userid":"qqqq1111","fileid":"7447398155508136284","timestamp":1523844267,"title":"vod test video","type":2,"data_type":5,"playurl":"http:\/\/1254539864.vod2.myqcloud.com\/7d46732evodgzp1254539864\/9fd0c22f7447398155508136284\/GweCEjb7EtkA.mp4","userinfo":{"nickname":"qqqq1111","headpic":"http:\/\/host-1254539864.file.myqcloud.com\/qqqq1111\/1523617118080","frontcover":"http:\/\/1254539864.vod2.myqcloud.com\/7d46732evodgzp1254539864\/9fd0c22f7447398155508136284\/7447398155508136285.jpg","location":""}},{"userid":"qqqq1111","fileid":"7447398155509776437","timestamp":1523843852,"title":"test vod","type":2,"data_type":5,"playurl":"http:\/\/1254539864.vod2.myqcloud.com\/7d46732evodgzp1254539864\/fb125c9a7447398155509776437\/AghpW1tJUvYA.mp4","userinfo":{"nickname":"qqqq1111","headpic":"http:\/\/host-1254539864.file.myqcloud.com\/qqqq1111\/1523617118080","frontcover":"http:\/\/1254539864.vod2.myqcloud.com\/7d46732evodgzp1254539864\/fb125c9a7447398155509776437\/7447398155509776438.jpg","location":""}},{"userid":"qqqq1111","fileid":"7447398155507279060","timestamp":1523843814,"title":"fhhjjjkk","type":2,"data_type":5,"playurl":"http:\/\/1254539864.vod2.myqcloud.com\/7d46732evodgzp1254539864\/5575ac6e7447398155507279060\/Qi515xNBzaIA.mp4","userinfo":{"nickname":"qqqq1111","headpic":"http:\/\/host-1254539864.file.myqcloud.com\/qqqq1111\/1523617118080","frontcover":"http:\/\/1254539864.vod2.myqcloud.com\/7d46732evodgzp1254539864\/5575ac6e7447398155507279060\/7447398155507279061.jpg","location":""}}]}}]
[2018-04-22 07:26:25][19106:290349007:1524353185][][[interface.php][main][7][INFO][0] request:{"flag":3,"pageno":1,"pagesize":20,"Action":"VIPFetchList"}]
[2018-04-22 07:26:25][19106:290349007:1524353185][][appid:][[VIPFetchList.php][process][28][INFO][0] FetchList args=array (
  'flag' => 3,
  'pageno' => 1,
  'pagesize' => 20,
)]
[2018-04-22 07:26:25][19106:290349007:1524353185][][appid:][[VIPFetchList.php][process][144][INFO][0] FetchList::process() succeed]
[2018-04-22 07:26:25][19106:290349007:1524353185][][appid:][[interface.php][main][16][INFO][0] response(1612):{"returnValue":0,"returnMsg":"return successfully!","returnData":{"totalcount":7,"pusherlist":[{"userid":"qqqq1111","fileid":"7447398155508136284","timestamp":1523844267,"title":"vod test video","type":2,"data_type":5,"playurl":"http:\/\/1254539864.vod2.myqcloud.com\/7d46732evodgzp1254539864\/9fd0c22f7447398155508136284\/GweCEjb7EtkA.mp4","userinfo":{"nickname":"qqqq1111","headpic":"http:\/\/host-1254539864.file.myqcloud.com\/qqqq1111\/1523617118080","frontcover":"http:\/\/1254539864.vod2.myqcloud.com\/7d46732evodgzp1254539864\/9fd0c22f7447398155508136284\/7447398155508136285.jpg","location":""}},{"userid":"qqqq1111","fileid":"7447398155509776437","timestamp":1523843852,"title":"test vod","type":2,"data_type":5,"playurl":"http:\/\/1254539864.vod2.myqcloud.com\/7d46732evodgzp1254539864\/fb125c9a7447398155509776437\/AghpW1tJUvYA.mp4","userinfo":{"nickname":"qqqq1111","headpic":"http:\/\/host-1254539864.file.myqcloud.com\/qqqq1111\/1523617118080","frontcover":"http:\/\/1254539864.vod2.myqcloud.com\/7d46732evodgzp1254539864\/fb125c9a7447398155509776437\/7447398155509776438.jpg","location":""}},{"userid":"qqqq1111","fileid":"7447398155507279060","timestamp":1523843814,"title":"fhhjjjkk","type":2,"data_type":5,"playurl":"http:\/\/1254539864.vod2.myqcloud.com\/7d46732evodgzp1254539864\/5575ac6e7447398155507279060\/Qi515xNBzaIA.mp4","userinfo":{"nickname":"qqqq1111","headpic":"http:\/\/host-1254539864.file.myqcloud.com\/qqqq1111\/1523617118080","frontcover":"http:\/\/1254539864.vod2.myqcloud.com\/7d46732evodgzp1254539864\/5575ac6e7447398155507279060\/7447398155507279061.jpg","location":""}}]}}]
[2018-04-22 07:27:25][19107:743498963:1524353245][][[interface.php][main][7][INFO][0] request:{"flag":3,"pageno":1,"pagesize":20,"Action":"VIPFetchList"}]
[2018-04-22 07:27:25][19107:743498963:1524353245][][appid:][[VIPFetchList.php][process][28][INFO][0] FetchList args=array (
  'flag' => 3,
  'pageno' => 1,
  'pagesize' => 20,
)]
[2018-04-22 07:27:25][19107:743498963:1524353245][][appid:][[VIPFetchList.php][process][144][INFO][0] FetchList::process() succeed]
[2018-04-22 07:27:25][19107:743498963:1524353245][][appid:][[interface.php][main][16][INFO][0] response(1612):{"returnValue":0,"returnMsg":"return successfully!","returnData":{"totalcount":7,"pusherlist":[{"userid":"qqqq1111","fileid":"7447398155508136284","timestamp":1523844267,"title":"vod test video","type":2,"data_type":5,"playurl":"http:\/\/1254539864.vod2.myqcloud.com\/7d46732evodgzp1254539864\/9fd0c22f7447398155508136284\/GweCEjb7EtkA.mp4","userinfo":{"nickname":"qqqq1111","headpic":"http:\/\/host-1254539864.file.myqcloud.com\/qqqq1111\/1523617118080","frontcover":"http:\/\/1254539864.vod2.myqcloud.com\/7d46732evodgzp1254539864\/9fd0c22f7447398155508136284\/7447398155508136285.jpg","location":""}},{"userid":"qqqq1111","fileid":"7447398155509776437","timestamp":1523843852,"title":"test vod","type":2,"data_type":5,"playurl":"http:\/\/1254539864.vod2.myqcloud.com\/7d46732evodgzp1254539864\/fb125c9a7447398155509776437\/AghpW1tJUvYA.mp4","userinfo":{"nickname":"qqqq1111","headpic":"http:\/\/host-1254539864.file.myqcloud.com\/qqqq1111\/1523617118080","frontcover":"http:\/\/1254539864.vod2.myqcloud.com\/7d46732evodgzp1254539864\/fb125c9a7447398155509776437\/7447398155509776438.jpg","location":""}},{"userid":"qqqq1111","fileid":"7447398155507279060","timestamp":1523843814,"title":"fhhjjjkk","type":2,"data_type":5,"playurl":"http:\/\/1254539864.vod2.myqcloud.com\/7d46732evodgzp1254539864\/5575ac6e7447398155507279060\/Qi515xNBzaIA.mp4","userinfo":{"nickname":"qqqq1111","headpic":"http:\/\/host-1254539864.file.myqcloud.com\/qqqq1111\/1523617118080","frontcover":"http:\/\/1254539864.vod2.myqcloud.com\/7d46732evodgzp1254539864\/5575ac6e7447398155507279060\/7447398155507279061.jpg","location":""}}]}}]
[2018-04-22 07:27:25][11802:850013482:1524353245][][[interface.php][main][7][INFO][0] request:{"flag":3,"pageno":1,"pagesize":20,"Action":"VIPFetchList"}]
[2018-04-22 07:27:25][11802:850013482:1524353245][][appid:][[VIPFetchList.php][process][28][INFO][0] FetchList args=array (
  'flag' => 3,
  'pageno' => 1,
  'pagesize' => 20,
)]
[2018-04-22 07:27:25][11802:850013482:1524353245][][appid:][[VIPFetchList.php][process][144][INFO][0] FetchList::process() succeed]
[2018-04-22 07:27:25][11802:850013482:1524353245][][appid:][[interface.php][main][16][INFO][0] response(1612):{"returnValue":0,"returnMsg":"return successfully!","returnData":{"totalcount":7,"pusherlist":[{"userid":"qqqq1111","fileid":"7447398155508136284","timestamp":1523844267,"title":"vod test video","type":2,"data_type":5,"playurl":"http:\/\/1254539864.vod2.myqcloud.com\/7d46732evodgzp1254539864\/9fd0c22f7447398155508136284\/GweCEjb7EtkA.mp4","userinfo":{"nickname":"qqqq1111","headpic":"http:\/\/host-1254539864.file.myqcloud.com\/qqqq1111\/1523617118080","frontcover":"http:\/\/1254539864.vod2.myqcloud.com\/7d46732evodgzp1254539864\/9fd0c22f7447398155508136284\/7447398155508136285.jpg","location":""}},{"userid":"qqqq1111","fileid":"7447398155509776437","timestamp":1523843852,"title":"test vod","type":2,"data_type":5,"playurl":"http:\/\/1254539864.vod2.myqcloud.com\/7d46732evodgzp1254539864\/fb125c9a7447398155509776437\/AghpW1tJUvYA.mp4","userinfo":{"nickname":"qqqq1111","headpic":"http:\/\/host-1254539864.file.myqcloud.com\/qqqq1111\/1523617118080","frontcover":"http:\/\/1254539864.vod2.myqcloud.com\/7d46732evodgzp1254539864\/fb125c9a7447398155509776437\/7447398155509776438.jpg","location":""}},{"userid":"qqqq1111","fileid":"7447398155507279060","timestamp":1523843814,"title":"fhhjjjkk","type":2,"data_type":5,"playurl":"http:\/\/1254539864.vod2.myqcloud.com\/7d46732evodgzp1254539864\/5575ac6e7447398155507279060\/Qi515xNBzaIA.mp4","userinfo":{"nickname":"qqqq1111","headpic":"http:\/\/host-1254539864.file.myqcloud.com\/qqqq1111\/1523617118080","frontcover":"http:\/\/1254539864.vod2.myqcloud.com\/7d46732evodgzp1254539864\/5575ac6e7447398155507279060\/7447398155507279061.jpg","location":""}}]}}]
[2018-04-22 07:28:24][19106:1045369546:1524353304][][[interface.php][main][7][INFO][0] request:{"flag":3,"pageno":1,"pagesize":20,"Action":"VIPFetchList"}]
[2018-04-22 07:28:24][19106:1045369546:1524353304][][appid:][[VIPFetchList.php][process][28][INFO][0] FetchList args=array (
  'flag' => 3,
  'pageno' => 1,
  'pagesize' => 20,
)]
[2018-04-22 07:28:24][19106:1045369546:1524353304][][appid:][[VIPFetchList.php][process][144][INFO][0] FetchList::process() succeed]
[2018-04-22 07:28:24][19106:1045369546:1524353304][][appid:][[interface.php][main][16][INFO][0] response(1612):{"returnValue":0,"returnMsg":"return successfully!","returnData":{"totalcount":7,"pusherlist":[{"userid":"qqqq1111","fileid":"7447398155508136284","timestamp":1523844267,"title":"vod test video","type":2,"data_type":5,"playurl":"http:\/\/1254539864.vod2.myqcloud.com\/7d46732evodgzp1254539864\/9fd0c22f7447398155508136284\/GweCEjb7EtkA.mp4","userinfo":{"nickname":"qqqq1111","headpic":"http:\/\/host-1254539864.file.myqcloud.com\/qqqq1111\/1523617118080","frontcover":"http:\/\/1254539864.vod2.myqcloud.com\/7d46732evodgzp1254539864\/9fd0c22f7447398155508136284\/7447398155508136285.jpg","location":""}},{"userid":"qqqq1111","fileid":"7447398155509776437","timestamp":1523843852,"title":"test vod","type":2,"data_type":5,"playurl":"http:\/\/1254539864.vod2.myqcloud.com\/7d46732evodgzp1254539864\/fb125c9a7447398155509776437\/AghpW1tJUvYA.mp4","userinfo":{"nickname":"qqqq1111","headpic":"http:\/\/host-1254539864.file.myqcloud.com\/qqqq1111\/1523617118080","frontcover":"http:\/\/1254539864.vod2.myqcloud.com\/7d46732evodgzp1254539864\/fb125c9a7447398155509776437\/7447398155509776438.jpg","location":""}},{"userid":"qqqq1111","fileid":"7447398155507279060","timestamp":1523843814,"title":"fhhjjjkk","type":2,"data_type":5,"playurl":"http:\/\/1254539864.vod2.myqcloud.com\/7d46732evodgzp1254539864\/5575ac6e7447398155507279060\/Qi515xNBzaIA.mp4","userinfo":{"nickname":"qqqq1111","headpic":"http:\/\/host-1254539864.file.myqcloud.com\/qqqq1111\/1523617118080","frontcover":"http:\/\/1254539864.vod2.myqcloud.com\/7d46732evodgzp1254539864\/5575ac6e7447398155507279060\/7447398155507279061.jpg","location":""}}]}}]
[2018-04-22 07:28:25][19107:563348678:1524353305][][[interface.php][main][7][INFO][0] request:{"flag":3,"pageno":1,"pagesize":20,"Action":"VIPFetchList"}]
[2018-04-22 07:28:25][19107:563348678:1524353305][][appid:][[VIPFetchList.php][process][28][INFO][0] FetchList args=array (
  'flag' => 3,
  'pageno' => 1,
  'pagesize' => 20,
)]
[2018-04-22 07:28:25][19107:563348678:1524353305][][appid:][[VIPFetchList.php][process][144][INFO][0] FetchList::process() succeed]
[2018-04-22 07:28:25][19107:563348678:1524353305][][appid:][[interface.php][main][16][INFO][0] response(1612):{"returnValue":0,"returnMsg":"return successfully!","returnData":{"totalcount":7,"pusherlist":[{"userid":"qqqq1111","fileid":"7447398155508136284","timestamp":1523844267,"title":"vod test video","type":2,"data_type":5,"playurl":"http:\/\/1254539864.vod2.myqcloud.com\/7d46732evodgzp1254539864\/9fd0c22f7447398155508136284\/GweCEjb7EtkA.mp4","userinfo":{"nickname":"qqqq1111","headpic":"http:\/\/host-1254539864.file.myqcloud.com\/qqqq1111\/1523617118080","frontcover":"http:\/\/1254539864.vod2.myqcloud.com\/7d46732evodgzp1254539864\/9fd0c22f7447398155508136284\/7447398155508136285.jpg","location":""}},{"userid":"qqqq1111","fileid":"7447398155509776437","timestamp":1523843852,"title":"test vod","type":2,"data_type":5,"playurl":"http:\/\/1254539864.vod2.myqcloud.com\/7d46732evodgzp1254539864\/fb125c9a7447398155509776437\/AghpW1tJUvYA.mp4","userinfo":{"nickname":"qqqq1111","headpic":"http:\/\/host-1254539864.file.myqcloud.com\/qqqq1111\/1523617118080","frontcover":"http:\/\/1254539864.vod2.myqcloud.com\/7d46732evodgzp1254539864\/fb125c9a7447398155509776437\/7447398155509776438.jpg","location":""}},{"userid":"qqqq1111","fileid":"7447398155507279060","timestamp":1523843814,"title":"fhhjjjkk","type":2,"data_type":5,"playurl":"http:\/\/1254539864.vod2.myqcloud.com\/7d46732evodgzp1254539864\/5575ac6e7447398155507279060\/Qi515xNBzaIA.mp4","userinfo":{"nickname":"qqqq1111","headpic":"http:\/\/host-1254539864.file.myqcloud.com\/qqqq1111\/1523617118080","frontcover":"http:\/\/1254539864.vod2.myqcloud.com\/7d46732evodgzp1254539864\/5575ac6e7447398155507279060\/7447398155507279061.jpg","location":""}}]}}]
[2018-04-22 07:29:25][11802:739373242:1524353365][][[interface.php][main][7][INFO][0] request:{"flag":3,"pageno":1,"pagesize":20,"Action":"VIPFetchList"}]
[2018-04-22 07:29:25][11802:739373242:1524353365][][appid:][[VIPFetchList.php][process][28][INFO][0] FetchList args=array (
  'flag' => 3,
  'pageno' => 1,
  'pagesize' => 20,
)]
[2018-04-22 07:29:25][11802:739373242:1524353365][][appid:][[VIPFetchList.php][process][144][INFO][0] FetchList::process() succeed]
[2018-04-22 07:29:25][11802:739373242:1524353365][][appid:][[interface.php][main][16][INFO][0] response(1612):{"returnValue":0,"returnMsg":"return successfully!","returnData":{"totalcount":7,"pusherlist":[{"userid":"qqqq1111","fileid":"7447398155508136284","timestamp":1523844267,"title":"vod test video","type":2,"data_type":5,"playurl":"http:\/\/1254539864.vod2.myqcloud.com\/7d46732evodgzp1254539864\/9fd0c22f7447398155508136284\/GweCEjb7EtkA.mp4","userinfo":{"nickname":"qqqq1111","headpic":"http:\/\/host-1254539864.file.myqcloud.com\/qqqq1111\/1523617118080","frontcover":"http:\/\/1254539864.vod2.myqcloud.com\/7d46732evodgzp1254539864\/9fd0c22f7447398155508136284\/7447398155508136285.jpg","location":""}},{"userid":"qqqq1111","fileid":"7447398155509776437","timestamp":1523843852,"title":"test vod","type":2,"data_type":5,"playurl":"http:\/\/1254539864.vod2.myqcloud.com\/7d46732evodgzp1254539864\/fb125c9a7447398155509776437\/AghpW1tJUvYA.mp4","userinfo":{"nickname":"qqqq1111","headpic":"http:\/\/host-1254539864.file.myqcloud.com\/qqqq1111\/1523617118080","frontcover":"http:\/\/1254539864.vod2.myqcloud.com\/7d46732evodgzp1254539864\/fb125c9a7447398155509776437\/7447398155509776438.jpg","location":""}},{"userid":"qqqq1111","fileid":"7447398155507279060","timestamp":1523843814,"title":"fhhjjjkk","type":2,"data_type":5,"playurl":"http:\/\/1254539864.vod2.myqcloud.com\/7d46732evodgzp1254539864\/5575ac6e7447398155507279060\/Qi515xNBzaIA.mp4","userinfo":{"nickname":"qqqq1111","headpic":"http:\/\/host-1254539864.file.myqcloud.com\/qqqq1111\/1523617118080","frontcover":"http:\/\/1254539864.vod2.myqcloud.com\/7d46732evodgzp1254539864\/5575ac6e7447398155507279060\/7447398155507279061.jpg","location":""}}]}}]
[2018-04-22 07:29:25][19106:415369564:1524353365][][[interface.php][main][7][INFO][0] request:{"flag":3,"pageno":1,"pagesize":20,"Action":"VIPFetchList"}]
[2018-04-22 07:29:25][19106:415369564:1524353365][][appid:][[VIPFetchList.php][process][28][INFO][0] FetchList args=array (
  'flag' => 3,
  'pageno' => 1,
  'pagesize' => 20,
)]
[2018-04-22 07:29:25][19106:415369564:1524353365][][appid:][[VIPFetchList.php][process][144][INFO][0] FetchList::process() succeed]
[2018-04-22 07:29:25][19106:415369564:1524353365][][appid:][[interface.php][main][16][INFO][0] response(1612):{"returnValue":0,"returnMsg":"return successfully!","returnData":{"totalcount":7,"pusherlist":[{"userid":"qqqq1111","fileid":"7447398155508136284","timestamp":1523844267,"title":"vod test video","type":2,"data_type":5,"playurl":"http:\/\/1254539864.vod2.myqcloud.com\/7d46732evodgzp1254539864\/9fd0c22f7447398155508136284\/GweCEjb7EtkA.mp4","userinfo":{"nickname":"qqqq1111","headpic":"http:\/\/host-1254539864.file.myqcloud.com\/qqqq1111\/1523617118080","frontcover":"http:\/\/1254539864.vod2.myqcloud.com\/7d46732evodgzp1254539864\/9fd0c22f7447398155508136284\/7447398155508136285.jpg","location":""}},{"userid":"qqqq1111","fileid":"7447398155509776437","timestamp":1523843852,"title":"test vod","type":2,"data_type":5,"playurl":"http:\/\/1254539864.vod2.myqcloud.com\/7d46732evodgzp1254539864\/fb125c9a7447398155509776437\/AghpW1tJUvYA.mp4","userinfo":{"nickname":"qqqq1111","headpic":"http:\/\/host-1254539864.file.myqcloud.com\/qqqq1111\/1523617118080","frontcover":"http:\/\/1254539864.vod2.myqcloud.com\/7d46732evodgzp1254539864\/fb125c9a7447398155509776437\/7447398155509776438.jpg","location":""}},{"userid":"qqqq1111","fileid":"7447398155507279060","timestamp":1523843814,"title":"fhhjjjkk","type":2,"data_type":5,"playurl":"http:\/\/1254539864.vod2.myqcloud.com\/7d46732evodgzp1254539864\/5575ac6e7447398155507279060\/Qi515xNBzaIA.mp4","userinfo":{"nickname":"qqqq1111","headpic":"http:\/\/host-1254539864.file.myqcloud.com\/qqqq1111\/1523617118080","frontcover":"http:\/\/1254539864.vod2.myqcloud.com\/7d46732evodgzp1254539864\/5575ac6e7447398155507279060\/7447398155507279061.jpg","location":""}}]}}]
[2018-04-22 07:30:25][19107:16234468:1524353425][][[interface.php][main][7][INFO][0] request:{"flag":3,"pageno":1,"pagesize":20,"Action":"VIPFetchList"}]
[2018-04-22 07:30:25][19107:16234468:1524353425][][appid:][[VIPFetchList.php][process][28][INFO][0] FetchList args=array (
  'flag' => 3,
  'pageno' => 1,
  'pagesize' => 20,
)]
[2018-04-22 07:30:25][19107:16234468:1524353425][][appid:][[VIPFetchList.php][process][144][INFO][0] FetchList::process() succeed]
[2018-04-22 07:30:25][19107:16234468:1524353425][][appid:][[interface.php][main][16][INFO][0] response(1612):{"returnValue":0,"returnMsg":"return successfully!","returnData":{"totalcount":7,"pusherlist":[{"userid":"qqqq1111","fileid":"7447398155508136284","timestamp":1523844267,"title":"vod test video","type":2,"data_type":5,"playurl":"http:\/\/1254539864.vod2.myqcloud.com\/7d46732evodgzp1254539864\/9fd0c22f7447398155508136284\/GweCEjb7EtkA.mp4","userinfo":{"nickname":"qqqq1111","headpic":"http:\/\/host-1254539864.file.myqcloud.com\/qqqq1111\/1523617118080","frontcover":"http:\/\/1254539864.vod2.myqcloud.com\/7d46732evodgzp1254539864\/9fd0c22f7447398155508136284\/7447398155508136285.jpg","location":""}},{"userid":"qqqq1111","fileid":"7447398155509776437","timestamp":1523843852,"title":"test vod","type":2,"data_type":5,"playurl":"http:\/\/1254539864.vod2.myqcloud.com\/7d46732evodgzp1254539864\/fb125c9a7447398155509776437\/AghpW1tJUvYA.mp4","userinfo":{"nickname":"qqqq1111","headpic":"http:\/\/host-1254539864.file.myqcloud.com\/qqqq1111\/1523617118080","frontcover":"http:\/\/1254539864.vod2.myqcloud.com\/7d46732evodgzp1254539864\/fb125c9a7447398155509776437\/7447398155509776438.jpg","location":""}},{"userid":"qqqq1111","fileid":"7447398155507279060","timestamp":1523843814,"title":"fhhjjjkk","type":2,"data_type":5,"playurl":"http:\/\/1254539864.vod2.myqcloud.com\/7d46732evodgzp1254539864\/5575ac6e7447398155507279060\/Qi515xNBzaIA.mp4","userinfo":{"nickname":"qqqq1111","headpic":"http:\/\/host-1254539864.file.myqcloud.com\/qqqq1111\/1523617118080","frontcover":"http:\/\/1254539864.vod2.myqcloud.com\/7d46732evodgzp1254539864\/5575ac6e7447398155507279060\/7447398155507279061.jpg","location":""}}]}}]
[2018-04-22 07:30:25][11802:1574271442:1524353425][][[interface.php][main][7][INFO][0] request:{"flag":3,"pageno":1,"pagesize":20,"Action":"VIPFetchList"}]
[2018-04-22 07:30:25][11802:1574271442:1524353425][][appid:][[VIPFetchList.php][process][28][INFO][0] FetchList args=array (
  'flag' => 3,
  'pageno' => 1,
  'pagesize' => 20,
)]
[2018-04-22 07:30:25][11802:1574271442:1524353425][][appid:][[VIPFetchList.php][process][144][INFO][0] FetchList::process() succeed]
[2018-04-22 07:30:25][11802:1574271442:1524353425][][appid:][[interface.php][main][16][INFO][0] response(1612):{"returnValue":0,"returnMsg":"return successfully!","returnData":{"totalcount":7,"pusherlist":[{"userid":"qqqq1111","fileid":"7447398155508136284","timestamp":1523844267,"title":"vod test video","type":2,"data_type":5,"playurl":"http:\/\/1254539864.vod2.myqcloud.com\/7d46732evodgzp1254539864\/9fd0c22f7447398155508136284\/GweCEjb7EtkA.mp4","userinfo":{"nickname":"qqqq1111","headpic":"http:\/\/host-1254539864.file.myqcloud.com\/qqqq1111\/1523617118080","frontcover":"http:\/\/1254539864.vod2.myqcloud.com\/7d46732evodgzp1254539864\/9fd0c22f7447398155508136284\/7447398155508136285.jpg","location":""}},{"userid":"qqqq1111","fileid":"7447398155509776437","timestamp":1523843852,"title":"test vod","type":2,"data_type":5,"playurl":"http:\/\/1254539864.vod2.myqcloud.com\/7d46732evodgzp1254539864\/fb125c9a7447398155509776437\/AghpW1tJUvYA.mp4","userinfo":{"nickname":"qqqq1111","headpic":"http:\/\/host-1254539864.file.myqcloud.com\/qqqq1111\/1523617118080","frontcover":"http:\/\/1254539864.vod2.myqcloud.com\/7d46732evodgzp1254539864\/fb125c9a7447398155509776437\/7447398155509776438.jpg","location":""}},{"userid":"qqqq1111","fileid":"7447398155507279060","timestamp":1523843814,"title":"fhhjjjkk","type":2,"data_type":5,"playurl":"http:\/\/1254539864.vod2.myqcloud.com\/7d46732evodgzp1254539864\/5575ac6e7447398155507279060\/Qi515xNBzaIA.mp4","userinfo":{"nickname":"qqqq1111","headpic":"http:\/\/host-1254539864.file.myqcloud.com\/qqqq1111\/1523617118080","frontcover":"http:\/\/1254539864.vod2.myqcloud.com\/7d46732evodgzp1254539864\/5575ac6e7447398155507279060\/7447398155507279061.jpg","location":""}}]}}]
[2018-04-22 07:31:25][19106:1792365971:1524353485][][[interface.php][main][7][INFO][0] request:{"flag":3,"pageno":1,"pagesize":20,"Action":"VIPFetchList"}]
[2018-04-22 07:31:25][19106:1792365971:1524353485][][appid:][[VIPFetchList.php][process][28][INFO][0] FetchList args=array (
  'flag' => 3,
  'pageno' => 1,
  'pagesize' => 20,
)]
[2018-04-22 07:31:25][19106:1792365971:1524353485][][appid:][[VIPFetchList.php][process][144][INFO][0] FetchList::process() succeed]
[2018-04-22 07:31:25][19106:1792365971:1524353485][][appid:][[interface.php][main][16][INFO][0] response(1612):{"returnValue":0,"returnMsg":"return successfully!","returnData":{"totalcount":7,"pusherlist":[{"userid":"qqqq1111","fileid":"7447398155508136284","timestamp":1523844267,"title":"vod test video","type":2,"data_type":5,"playurl":"http:\/\/1254539864.vod2.myqcloud.com\/7d46732evodgzp1254539864\/9fd0c22f7447398155508136284\/GweCEjb7EtkA.mp4","userinfo":{"nickname":"qqqq1111","headpic":"http:\/\/host-1254539864.file.myqcloud.com\/qqqq1111\/1523617118080","frontcover":"http:\/\/1254539864.vod2.myqcloud.com\/7d46732evodgzp1254539864\/9fd0c22f7447398155508136284\/7447398155508136285.jpg","location":""}},{"userid":"qqqq1111","fileid":"7447398155509776437","timestamp":1523843852,"title":"test vod","type":2,"data_type":5,"playurl":"http:\/\/1254539864.vod2.myqcloud.com\/7d46732evodgzp1254539864\/fb125c9a7447398155509776437\/AghpW1tJUvYA.mp4","userinfo":{"nickname":"qqqq1111","headpic":"http:\/\/host-1254539864.file.myqcloud.com\/qqqq1111\/1523617118080","frontcover":"http:\/\/1254539864.vod2.myqcloud.com\/7d46732evodgzp1254539864\/fb125c9a7447398155509776437\/7447398155509776438.jpg","location":""}},{"userid":"qqqq1111","fileid":"7447398155507279060","timestamp":1523843814,"title":"fhhjjjkk","type":2,"data_type":5,"playurl":"http:\/\/1254539864.vod2.myqcloud.com\/7d46732evodgzp1254539864\/5575ac6e7447398155507279060\/Qi515xNBzaIA.mp4","userinfo":{"nickname":"qqqq1111","headpic":"http:\/\/host-1254539864.file.myqcloud.com\/qqqq1111\/1523617118080","frontcover":"http:\/\/1254539864.vod2.myqcloud.com\/7d46732evodgzp1254539864\/5575ac6e7447398155507279060\/7447398155507279061.jpg","location":""}}]}}]
[2018-04-22 07:31:25][19107:1952889446:1524353485][][[interface.php][main][7][INFO][0] request:{"flag":3,"pageno":1,"pagesize":20,"Action":"VIPFetchList"}]
[2018-04-22 07:31:25][19107:1952889446:1524353485][][appid:][[VIPFetchList.php][process][28][INFO][0] FetchList args=array (
  'flag' => 3,
  'pageno' => 1,
  'pagesize' => 20,
)]
[2018-04-22 07:31:25][19107:1952889446:1524353485][][appid:][[VIPFetchList.php][process][144][INFO][0] FetchList::process() succeed]
[2018-04-22 07:31:25][19107:1952889446:1524353485][][appid:][[interface.php][main][16][INFO][0] response(1612):{"returnValue":0,"returnMsg":"return successfully!","returnData":{"totalcount":7,"pusherlist":[{"userid":"qqqq1111","fileid":"7447398155508136284","timestamp":1523844267,"title":"vod test video","type":2,"data_type":5,"playurl":"http:\/\/1254539864.vod2.myqcloud.com\/7d46732evodgzp1254539864\/9fd0c22f7447398155508136284\/GweCEjb7EtkA.mp4","userinfo":{"nickname":"qqqq1111","headpic":"http:\/\/host-1254539864.file.myqcloud.com\/qqqq1111\/1523617118080","frontcover":"http:\/\/1254539864.vod2.myqcloud.com\/7d46732evodgzp1254539864\/9fd0c22f7447398155508136284\/7447398155508136285.jpg","location":""}},{"userid":"qqqq1111","fileid":"7447398155509776437","timestamp":1523843852,"title":"test vod","type":2,"data_type":5,"playurl":"http:\/\/1254539864.vod2.myqcloud.com\/7d46732evodgzp1254539864\/fb125c9a7447398155509776437\/AghpW1tJUvYA.mp4","userinfo":{"nickname":"qqqq1111","headpic":"http:\/\/host-1254539864.file.myqcloud.com\/qqqq1111\/1523617118080","frontcover":"http:\/\/1254539864.vod2.myqcloud.com\/7d46732evodgzp1254539864\/fb125c9a7447398155509776437\/7447398155509776438.jpg","location":""}},{"userid":"qqqq1111","fileid":"7447398155507279060","timestamp":1523843814,"title":"fhhjjjkk","type":2,"data_type":5,"playurl":"http:\/\/1254539864.vod2.myqcloud.com\/7d46732evodgzp1254539864\/5575ac6e7447398155507279060\/Qi515xNBzaIA.mp4","userinfo":{"nickname":"qqqq1111","headpic":"http:\/\/host-1254539864.file.myqcloud.com\/qqqq1111\/1523617118080","frontcover":"http:\/\/1254539864.vod2.myqcloud.com\/7d46732evodgzp1254539864\/5575ac6e7447398155507279060\/7447398155507279061.jpg","location":""}}]}}]
[2018-04-22 07:32:25][11802:822057489:1524353545][][[interface.php][main][7][INFO][0] request:{"flag":3,"pageno":1,"pagesize":20,"Action":"VIPFetchList"}]
[2018-04-22 07:32:25][11802:822057489:1524353545][][appid:][[VIPFetchList.php][process][28][INFO][0] FetchList args=array (
  'flag' => 3,
  'pageno' => 1,
  'pagesize' => 20,
)]
[2018-04-22 07:32:25][11802:822057489:1524353545][][appid:][[VIPFetchList.php][process][144][INFO][0] FetchList::process() succeed]
[2018-04-22 07:32:25][11802:822057489:1524353545][][appid:][[interface.php][main][16][INFO][0] response(1612):{"returnValue":0,"returnMsg":"return successfully!","returnData":{"totalcount":7,"pusherlist":[{"userid":"qqqq1111","fileid":"7447398155508136284","timestamp":1523844267,"title":"vod test video","type":2,"data_type":5,"playurl":"http:\/\/1254539864.vod2.myqcloud.com\/7d46732evodgzp1254539864\/9fd0c22f7447398155508136284\/GweCEjb7EtkA.mp4","userinfo":{"nickname":"qqqq1111","headpic":"http:\/\/host-1254539864.file.myqcloud.com\/qqqq1111\/1523617118080","frontcover":"http:\/\/1254539864.vod2.myqcloud.com\/7d46732evodgzp1254539864\/9fd0c22f7447398155508136284\/7447398155508136285.jpg","location":""}},{"userid":"qqqq1111","fileid":"7447398155509776437","timestamp":1523843852,"title":"test vod","type":2,"data_type":5,"playurl":"http:\/\/1254539864.vod2.myqcloud.com\/7d46732evodgzp1254539864\/fb125c9a7447398155509776437\/AghpW1tJUvYA.mp4","userinfo":{"nickname":"qqqq1111","headpic":"http:\/\/host-1254539864.file.myqcloud.com\/qqqq1111\/1523617118080","frontcover":"http:\/\/1254539864.vod2.myqcloud.com\/7d46732evodgzp1254539864\/fb125c9a7447398155509776437\/7447398155509776438.jpg","location":""}},{"userid":"qqqq1111","fileid":"7447398155507279060","timestamp":1523843814,"title":"fhhjjjkk","type":2,"data_type":5,"playurl":"http:\/\/1254539864.vod2.myqcloud.com\/7d46732evodgzp1254539864\/5575ac6e7447398155507279060\/Qi515xNBzaIA.mp4","userinfo":{"nickname":"qqqq1111","headpic":"http:\/\/host-1254539864.file.myqcloud.com\/qqqq1111\/1523617118080","frontcover":"http:\/\/1254539864.vod2.myqcloud.com\/7d46732evodgzp1254539864\/5575ac6e7447398155507279060\/7447398155507279061.jpg","location":""}}]}}]
[2018-04-22 07:32:25][19106:169079587:1524353545][][[interface.php][main][7][INFO][0] request:{"flag":3,"pageno":1,"pagesize":20,"Action":"VIPFetchList"}]
[2018-04-22 07:32:25][19106:169079587:1524353545][][appid:][[VIPFetchList.php][process][28][INFO][0] FetchList args=array (
  'flag' => 3,
  'pageno' => 1,
  'pagesize' => 20,
)]
[2018-04-22 07:32:25][19106:169079587:1524353545][][appid:][[VIPFetchList.php][process][144][INFO][0] FetchList::process() succeed]
[2018-04-22 07:32:25][19106:169079587:1524353545][][appid:][[interface.php][main][16][INFO][0] response(1612):{"returnValue":0,"returnMsg":"return successfully!","returnData":{"totalcount":7,"pusherlist":[{"userid":"qqqq1111","fileid":"7447398155508136284","timestamp":1523844267,"title":"vod test video","type":2,"data_type":5,"playurl":"http:\/\/1254539864.vod2.myqcloud.com\/7d46732evodgzp1254539864\/9fd0c22f7447398155508136284\/GweCEjb7EtkA.mp4","userinfo":{"nickname":"qqqq1111","headpic":"http:\/\/host-1254539864.file.myqcloud.com\/qqqq1111\/1523617118080","frontcover":"http:\/\/1254539864.vod2.myqcloud.com\/7d46732evodgzp1254539864\/9fd0c22f7447398155508136284\/7447398155508136285.jpg","location":""}},{"userid":"qqqq1111","fileid":"7447398155509776437","timestamp":1523843852,"title":"test vod","type":2,"data_type":5,"playurl":"http:\/\/1254539864.vod2.myqcloud.com\/7d46732evodgzp1254539864\/fb125c9a7447398155509776437\/AghpW1tJUvYA.mp4","userinfo":{"nickname":"qqqq1111","headpic":"http:\/\/host-1254539864.file.myqcloud.com\/qqqq1111\/1523617118080","frontcover":"http:\/\/1254539864.vod2.myqcloud.com\/7d46732evodgzp1254539864\/fb125c9a7447398155509776437\/7447398155509776438.jpg","location":""}},{"userid":"qqqq1111","fileid":"7447398155507279060","timestamp":1523843814,"title":"fhhjjjkk","type":2,"data_type":5,"playurl":"http:\/\/1254539864.vod2.myqcloud.com\/7d46732evodgzp1254539864\/5575ac6e7447398155507279060\/Qi515xNBzaIA.mp4","userinfo":{"nickname":"qqqq1111","headpic":"http:\/\/host-1254539864.file.myqcloud.com\/qqqq1111\/1523617118080","frontcover":"http:\/\/1254539864.vod2.myqcloud.com\/7d46732evodgzp1254539864\/5575ac6e7447398155507279060\/7447398155507279061.jpg","location":""}}]}}]
[2018-04-22 07:33:28][19107:67091281:1524353608][][[interface.php][main][7][INFO][0] request:{"flag":3,"pageno":1,"pagesize":20,"Action":"VIPFetchList"}]
[2018-04-22 07:33:28][19107:67091281:1524353608][][appid:][[VIPFetchList.php][process][28][INFO][0] FetchList args=array (
  'flag' => 3,
  'pageno' => 1,
  'pagesize' => 20,
)]
[2018-04-22 07:33:28][19107:67091281:1524353608][][appid:][[VIPFetchList.php][process][144][INFO][0] FetchList::process() succeed]
[2018-04-22 07:33:28][19107:67091281:1524353608][][appid:][[interface.php][main][16][INFO][0] response(1612):{"returnValue":0,"returnMsg":"return successfully!","returnData":{"totalcount":7,"pusherlist":[{"userid":"qqqq1111","fileid":"7447398155508136284","timestamp":1523844267,"title":"vod test video","type":2,"data_type":5,"playurl":"http:\/\/1254539864.vod2.myqcloud.com\/7d46732evodgzp1254539864\/9fd0c22f7447398155508136284\/GweCEjb7EtkA.mp4","userinfo":{"nickname":"qqqq1111","headpic":"http:\/\/host-1254539864.file.myqcloud.com\/qqqq1111\/1523617118080","frontcover":"http:\/\/1254539864.vod2.myqcloud.com\/7d46732evodgzp1254539864\/9fd0c22f7447398155508136284\/7447398155508136285.jpg","location":""}},{"userid":"qqqq1111","fileid":"7447398155509776437","timestamp":1523843852,"title":"test vod","type":2,"data_type":5,"playurl":"http:\/\/1254539864.vod2.myqcloud.com\/7d46732evodgzp1254539864\/fb125c9a7447398155509776437\/AghpW1tJUvYA.mp4","userinfo":{"nickname":"qqqq1111","headpic":"http:\/\/host-1254539864.file.myqcloud.com\/qqqq1111\/1523617118080","frontcover":"http:\/\/1254539864.vod2.myqcloud.com\/7d46732evodgzp1254539864\/fb125c9a7447398155509776437\/7447398155509776438.jpg","location":""}},{"userid":"qqqq1111","fileid":"7447398155507279060","timestamp":1523843814,"title":"fhhjjjkk","type":2,"data_type":5,"playurl":"http:\/\/1254539864.vod2.myqcloud.com\/7d46732evodgzp1254539864\/5575ac6e7447398155507279060\/Qi515xNBzaIA.mp4","userinfo":{"nickname":"qqqq1111","headpic":"http:\/\/host-1254539864.file.myqcloud.com\/qqqq1111\/1523617118080","frontcover":"http:\/\/1254539864.vod2.myqcloud.com\/7d46732evodgzp1254539864\/5575ac6e7447398155507279060\/7447398155507279061.jpg","location":""}}]}}]
[2018-04-22 07:33:29][11802:2060368601:1524353609][][[interface.php][main][7][INFO][0] request:{"flag":3,"pageno":1,"pagesize":20,"Action":"VIPFetchList"}]
[2018-04-22 07:33:29][11802:2060368601:1524353609][][appid:][[VIPFetchList.php][process][28][INFO][0] FetchList args=array (
  'flag' => 3,
  'pageno' => 1,
  'pagesize' => 20,
)]
[2018-04-22 07:33:29][11802:2060368601:1524353609][][appid:][[VIPFetchList.php][process][144][INFO][0] FetchList::process() succeed]
[2018-04-22 07:33:29][11802:2060368601:1524353609][][appid:][[interface.php][main][16][INFO][0] response(1612):{"returnValue":0,"returnMsg":"return successfully!","returnData":{"totalcount":7,"pusherlist":[{"userid":"qqqq1111","fileid":"7447398155508136284","timestamp":1523844267,"title":"vod test video","type":2,"data_type":5,"playurl":"http:\/\/1254539864.vod2.myqcloud.com\/7d46732evodgzp1254539864\/9fd0c22f7447398155508136284\/GweCEjb7EtkA.mp4","userinfo":{"nickname":"qqqq1111","headpic":"http:\/\/host-1254539864.file.myqcloud.com\/qqqq1111\/1523617118080","frontcover":"http:\/\/1254539864.vod2.myqcloud.com\/7d46732evodgzp1254539864\/9fd0c22f7447398155508136284\/7447398155508136285.jpg","location":""}},{"userid":"qqqq1111","fileid":"7447398155509776437","timestamp":1523843852,"title":"test vod","type":2,"data_type":5,"playurl":"http:\/\/1254539864.vod2.myqcloud.com\/7d46732evodgzp1254539864\/fb125c9a7447398155509776437\/AghpW1tJUvYA.mp4","userinfo":{"nickname":"qqqq1111","headpic":"http:\/\/host-1254539864.file.myqcloud.com\/qqqq1111\/1523617118080","frontcover":"http:\/\/1254539864.vod2.myqcloud.com\/7d46732evodgzp1254539864\/fb125c9a7447398155509776437\/7447398155509776438.jpg","location":""}},{"userid":"qqqq1111","fileid":"7447398155507279060","timestamp":1523843814,"title":"fhhjjjkk","type":2,"data_type":5,"playurl":"http:\/\/1254539864.vod2.myqcloud.com\/7d46732evodgzp1254539864\/5575ac6e7447398155507279060\/Qi515xNBzaIA.mp4","userinfo":{"nickname":"qqqq1111","headpic":"http:\/\/host-1254539864.file.myqcloud.com\/qqqq1111\/1523617118080","frontcover":"http:\/\/1254539864.vod2.myqcloud.com\/7d46732evodgzp1254539864\/5575ac6e7447398155507279060\/7447398155507279061.jpg","location":""}}]}}]
[2018-04-22 08:10:04][19107:2003418268:1524355804][][[interface.php][main][7][INFO][0] request:{"flag":3,"pageno":1,"pagesize":20,"Action":"VIPFetchList"}]
[2018-04-22 08:10:04][19107:2003418268:1524355804][][appid:][[VIPFetchList.php][process][28][INFO][0] FetchList args=array (
  'flag' => 3,
  'pageno' => 1,
  'pagesize' => 20,
)]
[2018-04-22 08:10:04][19107:2003418268:1524355804][][appid:][[VIPFetchList.php][process][144][INFO][0] FetchList::process() succeed]
[2018-04-22 08:10:04][19107:2003418268:1524355804][][appid:][[interface.php][main][16][INFO][0] response(1612):{"returnValue":0,"returnMsg":"return successfully!","returnData":{"totalcount":7,"pusherlist":[{"userid":"qqqq1111","fileid":"7447398155508136284","timestamp":1523844267,"title":"vod test video","type":2,"data_type":5,"playurl":"http:\/\/1254539864.vod2.myqcloud.com\/7d46732evodgzp1254539864\/9fd0c22f7447398155508136284\/GweCEjb7EtkA.mp4","userinfo":{"nickname":"qqqq1111","headpic":"http:\/\/host-1254539864.file.myqcloud.com\/qqqq1111\/1523617118080","frontcover":"http:\/\/1254539864.vod2.myqcloud.com\/7d46732evodgzp1254539864\/9fd0c22f7447398155508136284\/7447398155508136285.jpg","location":""}},{"userid":"qqqq1111","fileid":"7447398155509776437","timestamp":1523843852,"title":"test vod","type":2,"data_type":5,"playurl":"http:\/\/1254539864.vod2.myqcloud.com\/7d46732evodgzp1254539864\/fb125c9a7447398155509776437\/AghpW1tJUvYA.mp4","userinfo":{"nickname":"qqqq1111","headpic":"http:\/\/host-1254539864.file.myqcloud.com\/qqqq1111\/1523617118080","frontcover":"http:\/\/1254539864.vod2.myqcloud.com\/7d46732evodgzp1254539864\/fb125c9a7447398155509776437\/7447398155509776438.jpg","location":""}},{"userid":"qqqq1111","fileid":"7447398155507279060","timestamp":1523843814,"title":"fhhjjjkk","type":2,"data_type":5,"playurl":"http:\/\/1254539864.vod2.myqcloud.com\/7d46732evodgzp1254539864\/5575ac6e7447398155507279060\/Qi515xNBzaIA.mp4","userinfo":{"nickname":"qqqq1111","headpic":"http:\/\/host-1254539864.file.myqcloud.com\/qqqq1111\/1523617118080","frontcover":"http:\/\/1254539864.vod2.myqcloud.com\/7d46732evodgzp1254539864\/5575ac6e7447398155507279060\/7447398155507279061.jpg","location":""}}]}}]
[2018-04-22 08:10:04][11802:1111979115:1524355804][][[interface.php][main][7][INFO][0] request:{"flag":3,"pageno":1,"pagesize":20,"Action":"VIPFetchList"}]
[2018-04-22 08:10:04][11802:1111979115:1524355804][][appid:][[VIPFetchList.php][process][28][INFO][0] FetchList args=array (
  'flag' => 3,
  'pageno' => 1,
  'pagesize' => 20,
)]
[2018-04-22 08:10:04][11802:1111979115:1524355804][][appid:][[VIPFetchList.php][process][144][INFO][0] FetchList::process() succeed]
[2018-04-22 08:10:04][11802:1111979115:1524355804][][appid:][[interface.php][main][16][INFO][0] response(1612):{"returnValue":0,"returnMsg":"return successfully!","returnData":{"totalcount":7,"pusherlist":[{"userid":"qqqq1111","fileid":"7447398155508136284","timestamp":1523844267,"title":"vod test video","type":2,"data_type":5,"playurl":"http:\/\/1254539864.vod2.myqcloud.com\/7d46732evodgzp1254539864\/9fd0c22f7447398155508136284\/GweCEjb7EtkA.mp4","userinfo":{"nickname":"qqqq1111","headpic":"http:\/\/host-1254539864.file.myqcloud.com\/qqqq1111\/1523617118080","frontcover":"http:\/\/1254539864.vod2.myqcloud.com\/7d46732evodgzp1254539864\/9fd0c22f7447398155508136284\/7447398155508136285.jpg","location":""}},{"userid":"qqqq1111","fileid":"7447398155509776437","timestamp":1523843852,"title":"test vod","type":2,"data_type":5,"playurl":"http:\/\/1254539864.vod2.myqcloud.com\/7d46732evodgzp1254539864\/fb125c9a7447398155509776437\/AghpW1tJUvYA.mp4","userinfo":{"nickname":"qqqq1111","headpic":"http:\/\/host-1254539864.file.myqcloud.com\/qqqq1111\/1523617118080","frontcover":"http:\/\/1254539864.vod2.myqcloud.com\/7d46732evodgzp1254539864\/fb125c9a7447398155509776437\/7447398155509776438.jpg","location":""}},{"userid":"qqqq1111","fileid":"7447398155507279060","timestamp":1523843814,"title":"fhhjjjkk","type":2,"data_type":5,"playurl":"http:\/\/1254539864.vod2.myqcloud.com\/7d46732evodgzp1254539864\/5575ac6e7447398155507279060\/Qi515xNBzaIA.mp4","userinfo":{"nickname":"qqqq1111","headpic":"http:\/\/host-1254539864.file.myqcloud.com\/qqqq1111\/1523617118080","frontcover":"http:\/\/1254539864.vod2.myqcloud.com\/7d46732evodgzp1254539864\/5575ac6e7447398155507279060\/7447398155507279061.jpg","location":""}}]}}]
[2018-04-22 08:10:05][19106:2021882526:1524355805][][[interface.php][main][7][INFO][0] request:{"flag":3,"pageno":1,"pagesize":20,"Action":"VIPFetchList"}]
[2018-04-22 08:10:05][19106:2021882526:1524355805][][appid:][[VIPFetchList.php][process][28][INFO][0] FetchList args=array (
  'flag' => 3,
  'pageno' => 1,
  'pagesize' => 20,
)]
[2018-04-22 08:10:05][19106:2021882526:1524355805][][appid:][[VIPFetchList.php][process][144][INFO][0] FetchList::process() succeed]
[2018-04-22 08:10:05][19106:2021882526:1524355805][][appid:][[interface.php][main][16][INFO][0] response(1612):{"returnValue":0,"returnMsg":"return successfully!","returnData":{"totalcount":7,"pusherlist":[{"userid":"qqqq1111","fileid":"7447398155508136284","timestamp":1523844267,"title":"vod test video","type":2,"data_type":5,"playurl":"http:\/\/1254539864.vod2.myqcloud.com\/7d46732evodgzp1254539864\/9fd0c22f7447398155508136284\/GweCEjb7EtkA.mp4","userinfo":{"nickname":"qqqq1111","headpic":"http:\/\/host-1254539864.file.myqcloud.com\/qqqq1111\/1523617118080","frontcover":"http:\/\/1254539864.vod2.myqcloud.com\/7d46732evodgzp1254539864\/9fd0c22f7447398155508136284\/7447398155508136285.jpg","location":""}},{"userid":"qqqq1111","fileid":"7447398155509776437","timestamp":1523843852,"title":"test vod","type":2,"data_type":5,"playurl":"http:\/\/1254539864.vod2.myqcloud.com\/7d46732evodgzp1254539864\/fb125c9a7447398155509776437\/AghpW1tJUvYA.mp4","userinfo":{"nickname":"qqqq1111","headpic":"http:\/\/host-1254539864.file.myqcloud.com\/qqqq1111\/1523617118080","frontcover":"http:\/\/1254539864.vod2.myqcloud.com\/7d46732evodgzp1254539864\/fb125c9a7447398155509776437\/7447398155509776438.jpg","location":""}},{"userid":"qqqq1111","fileid":"7447398155507279060","timestamp":1523843814,"title":"fhhjjjkk","type":2,"data_type":5,"playurl":"http:\/\/1254539864.vod2.myqcloud.com\/7d46732evodgzp1254539864\/5575ac6e7447398155507279060\/Qi515xNBzaIA.mp4","userinfo":{"nickname":"qqqq1111","headpic":"http:\/\/host-1254539864.file.myqcloud.com\/qqqq1111\/1523617118080","frontcover":"http:\/\/1254539864.vod2.myqcloud.com\/7d46732evodgzp1254539864\/5575ac6e7447398155507279060\/7447398155507279061.jpg","location":""}}]}}]
[2018-04-22 08:10:05][19107:501446708:1524355805][][[interface.php][main][7][INFO][0] request:{"flag":3,"pageno":1,"pagesize":20,"Action":"VIPFetchList"}]
[2018-04-22 08:10:05][19107:501446708:1524355805][][appid:][[VIPFetchList.php][process][28][INFO][0] FetchList args=array (
  'flag' => 3,
  'pageno' => 1,
  'pagesize' => 20,
)]
[2018-04-22 08:10:05][19107:501446708:1524355805][][appid:][[VIPFetchList.php][process][144][INFO][0] FetchList::process() succeed]
[2018-04-22 08:10:05][19107:501446708:1524355805][][appid:][[interface.php][main][16][INFO][0] response(1612):{"returnValue":0,"returnMsg":"return successfully!","returnData":{"totalcount":7,"pusherlist":[{"userid":"qqqq1111","fileid":"7447398155508136284","timestamp":1523844267,"title":"vod test video","type":2,"data_type":5,"playurl":"http:\/\/1254539864.vod2.myqcloud.com\/7d46732evodgzp1254539864\/9fd0c22f7447398155508136284\/GweCEjb7EtkA.mp4","userinfo":{"nickname":"qqqq1111","headpic":"http:\/\/host-1254539864.file.myqcloud.com\/qqqq1111\/1523617118080","frontcover":"http:\/\/1254539864.vod2.myqcloud.com\/7d46732evodgzp1254539864\/9fd0c22f7447398155508136284\/7447398155508136285.jpg","location":""}},{"userid":"qqqq1111","fileid":"7447398155509776437","timestamp":1523843852,"title":"test vod","type":2,"data_type":5,"playurl":"http:\/\/1254539864.vod2.myqcloud.com\/7d46732evodgzp1254539864\/fb125c9a7447398155509776437\/AghpW1tJUvYA.mp4","userinfo":{"nickname":"qqqq1111","headpic":"http:\/\/host-1254539864.file.myqcloud.com\/qqqq1111\/1523617118080","frontcover":"http:\/\/1254539864.vod2.myqcloud.com\/7d46732evodgzp1254539864\/fb125c9a7447398155509776437\/7447398155509776438.jpg","location":""}},{"userid":"qqqq1111","fileid":"7447398155507279060","timestamp":1523843814,"title":"fhhjjjkk","type":2,"data_type":5,"playurl":"http:\/\/1254539864.vod2.myqcloud.com\/7d46732evodgzp1254539864\/5575ac6e7447398155507279060\/Qi515xNBzaIA.mp4","userinfo":{"nickname":"qqqq1111","headpic":"http:\/\/host-1254539864.file.myqcloud.com\/qqqq1111\/1523617118080","frontcover":"http:\/\/1254539864.vod2.myqcloud.com\/7d46732evodgzp1254539864\/5575ac6e7447398155507279060\/7447398155507279061.jpg","location":""}}]}}]
[2018-04-22 13:02:42][11802:1414914997:1524373362][][[interface.php][main][7][INFO][0] request:{"flag":3,"pageno":1,"pagesize":20,"Action":"VIPFetchList"}]
[2018-04-22 13:02:42][11802:1414914997:1524373362][][appid:][[VIPFetchList.php][process][28][INFO][0] FetchList args=array (
  'flag' => 3,
  'pageno' => 1,
  'pagesize' => 20,
)]
[2018-04-22 13:02:42][11802:1414914997:1524373362][][appid:][[VIPFetchList.php][process][144][INFO][0] FetchList::process() succeed]
[2018-04-22 13:02:42][11802:1414914997:1524373362][][appid:][[interface.php][main][16][INFO][0] response(1612):{"returnValue":0,"returnMsg":"return successfully!","returnData":{"totalcount":7,"pusherlist":[{"userid":"qqqq1111","fileid":"7447398155508136284","timestamp":1523844267,"title":"vod test video","type":2,"data_type":5,"playurl":"http:\/\/1254539864.vod2.myqcloud.com\/7d46732evodgzp1254539864\/9fd0c22f7447398155508136284\/GweCEjb7EtkA.mp4","userinfo":{"nickname":"qqqq1111","headpic":"http:\/\/host-1254539864.file.myqcloud.com\/qqqq1111\/1523617118080","frontcover":"http:\/\/1254539864.vod2.myqcloud.com\/7d46732evodgzp1254539864\/9fd0c22f7447398155508136284\/7447398155508136285.jpg","location":""}},{"userid":"qqqq1111","fileid":"7447398155509776437","timestamp":1523843852,"title":"test vod","type":2,"data_type":5,"playurl":"http:\/\/1254539864.vod2.myqcloud.com\/7d46732evodgzp1254539864\/fb125c9a7447398155509776437\/AghpW1tJUvYA.mp4","userinfo":{"nickname":"qqqq1111","headpic":"http:\/\/host-1254539864.file.myqcloud.com\/qqqq1111\/1523617118080","frontcover":"http:\/\/1254539864.vod2.myqcloud.com\/7d46732evodgzp1254539864\/fb125c9a7447398155509776437\/7447398155509776438.jpg","location":""}},{"userid":"qqqq1111","fileid":"7447398155507279060","timestamp":1523843814,"title":"fhhjjjkk","type":2,"data_type":5,"playurl":"http:\/\/1254539864.vod2.myqcloud.com\/7d46732evodgzp1254539864\/5575ac6e7447398155507279060\/Qi515xNBzaIA.mp4","userinfo":{"nickname":"qqqq1111","headpic":"http:\/\/host-1254539864.file.myqcloud.com\/qqqq1111\/1523617118080","frontcover":"http:\/\/1254539864.vod2.myqcloud.com\/7d46732evodgzp1254539864\/5575ac6e7447398155507279060\/7447398155507279061.jpg","location":""}}]}}]
[2018-04-22 13:02:42][19106:1124650011:1524373362][][[interface.php][main][7][INFO][0] request:{"flag":3,"pageno":1,"pagesize":20,"Action":"VIPFetchList"}]
[2018-04-22 13:02:42][19106:1124650011:1524373362][][appid:][[VIPFetchList.php][process][28][INFO][0] FetchList args=array (
  'flag' => 3,
  'pageno' => 1,
  'pagesize' => 20,
)]
[2018-04-22 13:02:42][19106:1124650011:1524373362][][appid:][[VIPFetchList.php][process][144][INFO][0] FetchList::process() succeed]
[2018-04-22 13:02:42][19106:1124650011:1524373362][][appid:][[interface.php][main][16][INFO][0] response(1612):{"returnValue":0,"returnMsg":"return successfully!","returnData":{"totalcount":7,"pusherlist":[{"userid":"qqqq1111","fileid":"7447398155508136284","timestamp":1523844267,"title":"vod test video","type":2,"data_type":5,"playurl":"http:\/\/1254539864.vod2.myqcloud.com\/7d46732evodgzp1254539864\/9fd0c22f7447398155508136284\/GweCEjb7EtkA.mp4","userinfo":{"nickname":"qqqq1111","headpic":"http:\/\/host-1254539864.file.myqcloud.com\/qqqq1111\/1523617118080","frontcover":"http:\/\/1254539864.vod2.myqcloud.com\/7d46732evodgzp1254539864\/9fd0c22f7447398155508136284\/7447398155508136285.jpg","location":""}},{"userid":"qqqq1111","fileid":"7447398155509776437","timestamp":1523843852,"title":"test vod","type":2,"data_type":5,"playurl":"http:\/\/1254539864.vod2.myqcloud.com\/7d46732evodgzp1254539864\/fb125c9a7447398155509776437\/AghpW1tJUvYA.mp4","userinfo":{"nickname":"qqqq1111","headpic":"http:\/\/host-1254539864.file.myqcloud.com\/qqqq1111\/1523617118080","frontcover":"http:\/\/1254539864.vod2.myqcloud.com\/7d46732evodgzp1254539864\/fb125c9a7447398155509776437\/7447398155509776438.jpg","location":""}},{"userid":"qqqq1111","fileid":"7447398155507279060","timestamp":1523843814,"title":"fhhjjjkk","type":2,"data_type":5,"playurl":"http:\/\/1254539864.vod2.myqcloud.com\/7d46732evodgzp1254539864\/5575ac6e7447398155507279060\/Qi515xNBzaIA.mp4","userinfo":{"nickname":"qqqq1111","headpic":"http:\/\/host-1254539864.file.myqcloud.com\/qqqq1111\/1523617118080","frontcover":"http:\/\/1254539864.vod2.myqcloud.com\/7d46732evodgzp1254539864\/5575ac6e7447398155507279060\/7447398155507279061.jpg","location":""}}]}}]
[2018-04-22 21:59:16][11802:252966870:1524405556][][[interface.php][main][7][INFO][0] request:]
[2018-04-22 21:59:16][11802:252966870:1524405556][][[interface.php][main][16][INFO][0] response(123):{"returnValue":4001,"returnMsg":"http post body is empty or invalid json format in post body from client!","returnData":[]}]
[2018-04-22 22:49:45][19107:1370404173:1524408585][][[interface.php][main][7][INFO][0] request:]
[2018-04-22 22:49:45][19107:1370404173:1524408585][][[interface.php][main][16][INFO][0] response(123):{"returnValue":4001,"returnMsg":"http post body is empty or invalid json format in post body from client!","returnData":[]}]
