[2018-04-16 00:29:04][13141:1825288863:1523809744][][[interface.php][Process][32][ERROR][4001] http post body is empty or invalid json format in post body from client! | http post body is empty or invalid json format in post body from client!]
[2018-04-16 02:37:21][13141:1083162485:1523817441][][[interface.php][Process][32][ERROR][4001] http post body is empty or invalid json format in post body from client! | http post body is empty or invalid json format in post body from client!]
[2018-04-16 05:32:09][13141:1627128904:1523827929][][[interface.php][Process][32][ERROR][4001] http post body is empty or invalid json format in post body from client! | http post body is empty or invalid json format in post body from client!]
[2018-04-16 06:47:39][13141:551551732:1523832459][][[GlobalFunctions.php][instance][29][ERROR][0] invalid interfaceName of VIPFetchList]
[2018-04-16 06:47:39][13141:551551732:1523832459][][[interface.php][Process][54][ERROR][1000] invalid param in json from client! | invalid interface name:VIPFetchList]
[2018-04-16 06:47:43][13141:312946474:1523832463][][[GlobalFunctions.php][instance][29][ERROR][0] invalid interfaceName of VIPFetchList]
[2018-04-16 06:47:43][13141:312946474:1523832463][][[interface.php][Process][54][ERROR][1000] invalid param in json from client! | invalid interface name:VIPFetchList]
[2018-04-16 06:50:21][13141:789874179:1523832621][][[GlobalFunctions.php][instance][29][ERROR][0] invalid interfaceName of VIPFetchList]
[2018-04-16 06:50:21][13141:789874179:1523832621][][[interface.php][Process][54][ERROR][1000] invalid param in json from client! | invalid interface name:VIPFetchList]
[2018-04-16 06:53:31][13141:1376212384:1523832811][][[GlobalFunctions.php][instance][29][ERROR][0] invalid interfaceName of VIPFetchList]
[2018-04-16 06:53:31][13141:1376212384:1523832811][][[interface.php][Process][54][ERROR][1000] invalid param in json from client! | invalid interface name:VIPFetchList]
[2018-04-16 06:55:08][13141:1646784361:1523832908][][[GlobalFunctions.php][instance][29][ERROR][0] invalid interfaceName of VIPFetchList]
[2018-04-16 06:55:08][13141:1646784361:1523832908][][[interface.php][Process][54][ERROR][1000] invalid param in json from client! | invalid interface name:VIPFetchList]
[2018-04-16 06:56:17][13141:1568369735:1523832977][][[GlobalFunctions.php][instance][29][ERROR][0] invalid interfaceName of VIPFetchList]
[2018-04-16 06:56:17][13141:1568369735:1523832977][][[interface.php][Process][54][ERROR][1000] invalid param in json from client! | invalid interface name:VIPFetchList]
[2018-04-16 07:01:17][13141:1392189510:1523833277][][[interface.php][Process][33][ERROR][4001] http post body is empty or invalid json format in post body from client! | http post body is empty or invalid json format in post body from client!]
[2018-04-16 07:57:45][8584:1627005102:1523836665][][[interface.php][Process][33][ERROR][4001] http post body is empty or invalid json format in post body from client! | http post body is empty or invalid json format in post body from client!]
[2018-04-16 09:15:47][12744:972605922:1523841347][][[interface.php][Process][33][ERROR][4001] http post body is empty or invalid json format in post body from client! | http post body is empty or invalid json format in post body from client!]
[2018-04-16 10:05:35][12744:939895210:1523844335][][[GlobalFunctions.php][instance][29][ERROR][0] invalid interfaceName of UploadVODVideo]
[2018-04-16 10:05:35][12744:939895210:1523844335][][[interface.php][Process][54][ERROR][1000] invalid param in json from client! | invalid interface name:UploadVODVideo]
