[2018-04-15 00:27:20][13141:856910182:1523723240][][[interface.php][main][6][INFO][0] request:]
[2018-04-15 00:27:20][13141:856910182:1523723240][][[interface.php][main][15][INFO][0] response(123):{"returnValue":4001,"returnMsg":"http post body is empty or invalid json format in post body from client!","returnData":[]}]
[2018-04-15 05:29:43][13141:1052681169:1523741383][][[interface.php][main][6][INFO][0] request:{"flag":5,"user_id":"qqqq2222","pageno":1,"pagesize":20,"Action":"FetchList"}]
[2018-04-15 05:29:43][13141:1052681169:1523741383][][appid:][[FetchList.php][process][28][INFO][0] FetchList args=array (
  'flag' => 5,
  'pageno' => 1,
  'pagesize' => 20,
)]
[2018-04-15 05:29:43][13141:1052681169:1523741383][][appid:][[FetchList.php][process][139][INFO][0] FetchList::process() succeed]
[2018-04-15 05:29:43][13141:1052681169:1523741383][][appid:][[interface.php][main][15][INFO][0] response(1923):{"returnValue":0,"returnMsg":"return successfully!","returnData":{"totalcount":"4","pusherlist":[{"userid":"qqqq1111","fileid":"7447398155466850804","timestamp":1523619867,"title":"grwat video","type":2,"playurl":"http:\/\/1254539864.vod2.myqcloud.com\/7d46732evodgzp1254539864\/2b5ff0937447398155466850804\/1Oeqa3Auvh4A.mp4","userinfo":{"nickname":"qqqq1111","headpic":"http:\/\/host-1254539864.file.myqcloud.com\/qqqq1111\/1523617118080","frontcover":"http:\/\/1254539864.vod2.myqcloud.com\/7d46732evodgzp1254539864\/2b5ff0937447398155466850804\/7447398155466850805.jpg","location":""}},{"userid":"qqqq1111","fileid":"7447398155469774833","timestamp":1523617210,"title":"test tape","type":2,"playurl":"http:\/\/1254539864.vod2.myqcloud.com\/7d46732evodgzp1254539864\/101fe11d7447398155469774833\/0h9lTYaQ98EA.mp4","userinfo":{"nickname":"qqqq1111","headpic":"http:\/\/host-1254539864.file.myqcloud.com\/qqqq1111\/1523617118080","frontcover":"http:\/\/1254539864.vod2.myqcloud.com\/7d46732evodgzp1254539864\/101fe11d7447398155469774833\/7447398155469774834.jpg","location":""}},{"userid":"qqqq2222","fileid":"7447398155462271436","timestamp":1523578769,"title":"dhjjkoo","type":2,"playurl":"http:\/\/1254539864.vod2.myqcloud.com\/7d46732evodgzp1254539864\/e99cb68d7447398155462271436\/Q5yxYUIdL7EA.mp4","userinfo":{"nickname":"qqqq2222","headpic":"","frontcover":"http:\/\/1254539864.vod2.myqcloud.com\/7d46732evodgzp1254539864\/e99cb68d7447398155462271436\/7447398155462271437.jpg","location":""}},{"userid":"qqqq2222","fileid":"7447398155459002127","timestamp":1523575385,"title":"fghjjjk","type":2,"playurl":"http:\/\/1254539864.vod2.myqcloud.com\/7d46732evodgzp1254539864\/130a0da87447398155459002127\/qECLuKdBDLcA.mp4","userinfo":{"nickname":"qqqq2222","headpic":"","frontcover":"http:\/\/1254539864.vod2.myqcloud.com\/7d46732evodgzp1254539864\/130a0da87447398155459002127\/7447398155459002128.jpg","location":""}}]}}]
[2018-04-15 07:17:50][13141:1564644219:1523747870][][[interface.php][main][6][INFO][0] request:{"flag":1,"pageno":1,"pagesize":20,"Action":"FetchList"}]
[2018-04-15 07:17:50][13141:1564644219:1523747870][][appid:][[FetchList.php][process][28][INFO][0] FetchList args=array (
  'flag' => 1,
  'pageno' => 1,
  'pagesize' => 20,
)]
[2018-04-15 07:17:50][13141:1564644219:1523747870][][appid:][[FetchList.php][process][139][INFO][0] FetchList::process() succeed]
[2018-04-15 07:17:50][13141:1564644219:1523747870][][appid:][[interface.php][main][15][INFO][0] response(100):{"returnValue":0,"returnMsg":"return successfully!","returnData":{"totalcount":"0","pusherlist":[]}}]
[2018-04-15 07:17:51][13141:1012511619:1523747871][][[interface.php][main][6][INFO][0] request:{"flag":5,"pageno":1,"pagesize":20,"Action":"FetchList"}]
[2018-04-15 07:17:51][13141:1012511619:1523747871][][appid:][[FetchList.php][process][28][INFO][0] FetchList args=array (
  'flag' => 5,
  'pageno' => 1,
  'pagesize' => 20,
)]
[2018-04-15 07:17:51][13141:1012511619:1523747871][][appid:][[FetchList.php][process][139][INFO][0] FetchList::process() succeed]
[2018-04-15 07:17:51][13141:1012511619:1523747871][][appid:][[interface.php][main][15][INFO][0] response(1923):{"returnValue":0,"returnMsg":"return successfully!","returnData":{"totalcount":"4","pusherlist":[{"userid":"qqqq1111","fileid":"7447398155466850804","timestamp":1523619867,"title":"grwat video","type":2,"playurl":"http:\/\/1254539864.vod2.myqcloud.com\/7d46732evodgzp1254539864\/2b5ff0937447398155466850804\/1Oeqa3Auvh4A.mp4","userinfo":{"nickname":"qqqq1111","headpic":"http:\/\/host-1254539864.file.myqcloud.com\/qqqq1111\/1523617118080","frontcover":"http:\/\/1254539864.vod2.myqcloud.com\/7d46732evodgzp1254539864\/2b5ff0937447398155466850804\/7447398155466850805.jpg","location":""}},{"userid":"qqqq1111","fileid":"7447398155469774833","timestamp":1523617210,"title":"test tape","type":2,"playurl":"http:\/\/1254539864.vod2.myqcloud.com\/7d46732evodgzp1254539864\/101fe11d7447398155469774833\/0h9lTYaQ98EA.mp4","userinfo":{"nickname":"qqqq1111","headpic":"http:\/\/host-1254539864.file.myqcloud.com\/qqqq1111\/1523617118080","frontcover":"http:\/\/1254539864.vod2.myqcloud.com\/7d46732evodgzp1254539864\/101fe11d7447398155469774833\/7447398155469774834.jpg","location":""}},{"userid":"qqqq2222","fileid":"7447398155462271436","timestamp":1523578769,"title":"dhjjkoo","type":2,"playurl":"http:\/\/1254539864.vod2.myqcloud.com\/7d46732evodgzp1254539864\/e99cb68d7447398155462271436\/Q5yxYUIdL7EA.mp4","userinfo":{"nickname":"qqqq2222","headpic":"","frontcover":"http:\/\/1254539864.vod2.myqcloud.com\/7d46732evodgzp1254539864\/e99cb68d7447398155462271436\/7447398155462271437.jpg","location":""}},{"userid":"qqqq2222","fileid":"7447398155459002127","timestamp":1523575385,"title":"fghjjjk","type":2,"playurl":"http:\/\/1254539864.vod2.myqcloud.com\/7d46732evodgzp1254539864\/130a0da87447398155459002127\/qECLuKdBDLcA.mp4","userinfo":{"nickname":"qqqq2222","headpic":"","frontcover":"http:\/\/1254539864.vod2.myqcloud.com\/7d46732evodgzp1254539864\/130a0da87447398155459002127\/7447398155459002128.jpg","location":""}}]}}]
[2018-04-15 09:32:58][13141:1972538780:1523755978][][[interface.php][main][6][INFO][0] request:{"flag":1,"pageno":1,"pagesize":20,"Action":"FetchList"}]
[2018-04-15 09:32:58][13141:1972538780:1523755978][][appid:][[FetchList.php][process][28][INFO][0] FetchList args=array (
  'flag' => 1,
  'pageno' => 1,
  'pagesize' => 20,
)]
[2018-04-15 09:32:58][13141:1972538780:1523755978][][appid:][[FetchList.php][process][139][INFO][0] FetchList::process() succeed]
[2018-04-15 09:32:58][13141:1972538780:1523755978][][appid:][[interface.php][main][15][INFO][0] response(100):{"returnValue":0,"returnMsg":"return successfully!","returnData":{"totalcount":"0","pusherlist":[]}}]
[2018-04-15 09:32:58][13141:1839674820:1523755978][][[interface.php][main][6][INFO][0] request:{"flag":5,"pageno":1,"pagesize":20,"Action":"FetchList"}]
[2018-04-15 09:32:58][13141:1839674820:1523755978][][appid:][[FetchList.php][process][28][INFO][0] FetchList args=array (
  'flag' => 5,
  'pageno' => 1,
  'pagesize' => 20,
)]
[2018-04-15 09:32:58][13141:1839674820:1523755978][][appid:][[FetchList.php][process][139][INFO][0] FetchList::process() succeed]
[2018-04-15 09:32:58][13141:1839674820:1523755978][][appid:][[interface.php][main][15][INFO][0] response(1979):{"returnValue":0,"returnMsg":"return successfully!","returnData":{"totalcount":"4","pusherlist":[{"userid":"qqqq1111","fileid":"7447398155466850804","timestamp":1523619867,"title":"grwat video","type":2,"data_type":5,"playurl":"http:\/\/1254539864.vod2.myqcloud.com\/7d46732evodgzp1254539864\/2b5ff0937447398155466850804\/1Oeqa3Auvh4A.mp4","userinfo":{"nickname":"qqqq1111","headpic":"http:\/\/host-1254539864.file.myqcloud.com\/qqqq1111\/1523617118080","frontcover":"http:\/\/1254539864.vod2.myqcloud.com\/7d46732evodgzp1254539864\/2b5ff0937447398155466850804\/7447398155466850805.jpg","location":""}},{"userid":"qqqq1111","fileid":"7447398155469774833","timestamp":1523617210,"title":"test tape","type":2,"data_type":5,"playurl":"http:\/\/1254539864.vod2.myqcloud.com\/7d46732evodgzp1254539864\/101fe11d7447398155469774833\/0h9lTYaQ98EA.mp4","userinfo":{"nickname":"qqqq1111","headpic":"http:\/\/host-1254539864.file.myqcloud.com\/qqqq1111\/1523617118080","frontcover":"http:\/\/1254539864.vod2.myqcloud.com\/7d46732evodgzp1254539864\/101fe11d7447398155469774833\/7447398155469774834.jpg","location":""}},{"userid":"qqqq2222","fileid":"7447398155462271436","timestamp":1523578769,"title":"dhjjkoo","type":2,"data_type":5,"playurl":"http:\/\/1254539864.vod2.myqcloud.com\/7d46732evodgzp1254539864\/e99cb68d7447398155462271436\/Q5yxYUIdL7EA.mp4","userinfo":{"nickname":"qqqq2222","headpic":"","frontcover":"http:\/\/1254539864.vod2.myqcloud.com\/7d46732evodgzp1254539864\/e99cb68d7447398155462271436\/7447398155462271437.jpg","location":""}},{"userid":"qqqq2222","fileid":"7447398155459002127","timestamp":1523575385,"title":"fghjjjk","type":2,"data_type":5,"playurl":"http:\/\/1254539864.vod2.myqcloud.com\/7d46732evodgzp1254539864\/130a0da87447398155459002127\/qECLuKdBDLcA.mp4","userinfo":{"nickname":"qqqq2222","headpic":"","frontcover":"http:\/\/1254539864.vod2.myqcloud.com\/7d46732evodgzp1254539864\/130a0da87447398155459002127\/7447398155459002128.jpg","location":""}}]}}]
[2018-04-15 09:34:11][13141:952291275:1523756051][][[interface.php][main][6][INFO][0] request:{"flag":1,"pageno":1,"pagesize":20,"Action":"FetchList"}]
[2018-04-15 09:34:11][13141:952291275:1523756051][][appid:][[FetchList.php][process][28][INFO][0] FetchList args=array (
  'flag' => 1,
  'pageno' => 1,
  'pagesize' => 20,
)]
[2018-04-15 09:34:11][13141:952291275:1523756051][][appid:][[FetchList.php][process][139][INFO][0] FetchList::process() succeed]
[2018-04-15 09:34:11][13141:952291275:1523756051][][appid:][[interface.php][main][15][INFO][0] response(100):{"returnValue":0,"returnMsg":"return successfully!","returnData":{"totalcount":"0","pusherlist":[]}}]
[2018-04-15 09:34:11][13141:1161277302:1523756051][][[interface.php][main][6][INFO][0] request:{"flag":5,"pageno":1,"pagesize":20,"Action":"FetchList"}]
[2018-04-15 09:34:11][13141:1161277302:1523756051][][appid:][[FetchList.php][process][28][INFO][0] FetchList args=array (
  'flag' => 5,
  'pageno' => 1,
  'pagesize' => 20,
)]
[2018-04-15 09:34:11][13141:1161277302:1523756051][][appid:][[FetchList.php][process][139][INFO][0] FetchList::process() succeed]
[2018-04-15 09:34:11][13141:1161277302:1523756051][][appid:][[interface.php][main][15][INFO][0] response(1979):{"returnValue":0,"returnMsg":"return successfully!","returnData":{"totalcount":"4","pusherlist":[{"userid":"qqqq1111","fileid":"7447398155466850804","timestamp":1523619867,"title":"grwat video","type":2,"data_type":5,"playurl":"http:\/\/1254539864.vod2.myqcloud.com\/7d46732evodgzp1254539864\/2b5ff0937447398155466850804\/1Oeqa3Auvh4A.mp4","userinfo":{"nickname":"qqqq1111","headpic":"http:\/\/host-1254539864.file.myqcloud.com\/qqqq1111\/1523617118080","frontcover":"http:\/\/1254539864.vod2.myqcloud.com\/7d46732evodgzp1254539864\/2b5ff0937447398155466850804\/7447398155466850805.jpg","location":""}},{"userid":"qqqq1111","fileid":"7447398155469774833","timestamp":1523617210,"title":"test tape","type":2,"data_type":5,"playurl":"http:\/\/1254539864.vod2.myqcloud.com\/7d46732evodgzp1254539864\/101fe11d7447398155469774833\/0h9lTYaQ98EA.mp4","userinfo":{"nickname":"qqqq1111","headpic":"http:\/\/host-1254539864.file.myqcloud.com\/qqqq1111\/1523617118080","frontcover":"http:\/\/1254539864.vod2.myqcloud.com\/7d46732evodgzp1254539864\/101fe11d7447398155469774833\/7447398155469774834.jpg","location":""}},{"userid":"qqqq2222","fileid":"7447398155462271436","timestamp":1523578769,"title":"dhjjkoo","type":2,"data_type":5,"playurl":"http:\/\/1254539864.vod2.myqcloud.com\/7d46732evodgzp1254539864\/e99cb68d7447398155462271436\/Q5yxYUIdL7EA.mp4","userinfo":{"nickname":"qqqq2222","headpic":"","frontcover":"http:\/\/1254539864.vod2.myqcloud.com\/7d46732evodgzp1254539864\/e99cb68d7447398155462271436\/7447398155462271437.jpg","location":""}},{"userid":"qqqq2222","fileid":"7447398155459002127","timestamp":1523575385,"title":"fghjjjk","type":2,"data_type":5,"playurl":"http:\/\/1254539864.vod2.myqcloud.com\/7d46732evodgzp1254539864\/130a0da87447398155459002127\/qECLuKdBDLcA.mp4","userinfo":{"nickname":"qqqq2222","headpic":"","frontcover":"http:\/\/1254539864.vod2.myqcloud.com\/7d46732evodgzp1254539864\/130a0da87447398155459002127\/7447398155459002128.jpg","location":""}}]}}]
[2018-04-15 09:37:20][13141:906625382:1523756240][][[interface.php][main][6][INFO][0] request:{"flag":1,"pageno":1,"pagesize":20,"Action":"FetchList"}]
[2018-04-15 09:37:20][13141:906625382:1523756240][][appid:][[FetchList.php][process][28][INFO][0] FetchList args=array (
  'flag' => 1,
  'pageno' => 1,
  'pagesize' => 20,
)]
[2018-04-15 09:37:20][13141:906625382:1523756240][][appid:][[FetchList.php][process][139][INFO][0] FetchList::process() succeed]
[2018-04-15 09:37:20][13141:906625382:1523756240][][appid:][[interface.php][main][15][INFO][0] response(100):{"returnValue":0,"returnMsg":"return successfully!","returnData":{"totalcount":"0","pusherlist":[]}}]
[2018-04-15 09:37:21][13141:1684818816:1523756241][][[interface.php][main][6][INFO][0] request:{"flag":5,"pageno":1,"pagesize":20,"Action":"FetchList"}]
[2018-04-15 09:37:21][13141:1684818816:1523756241][][appid:][[FetchList.php][process][28][INFO][0] FetchList args=array (
  'flag' => 5,
  'pageno' => 1,
  'pagesize' => 20,
)]
[2018-04-15 09:37:21][13141:1684818816:1523756241][][appid:][[FetchList.php][process][139][INFO][0] FetchList::process() succeed]
[2018-04-15 09:37:21][13141:1684818816:1523756241][][appid:][[interface.php][main][15][INFO][0] response(1979):{"returnValue":0,"returnMsg":"return successfully!","returnData":{"totalcount":"4","pusherlist":[{"userid":"qqqq1111","fileid":"7447398155466850804","timestamp":1523619867,"title":"grwat video","type":2,"data_type":5,"playurl":"http:\/\/1254539864.vod2.myqcloud.com\/7d46732evodgzp1254539864\/2b5ff0937447398155466850804\/1Oeqa3Auvh4A.mp4","userinfo":{"nickname":"qqqq1111","headpic":"http:\/\/host-1254539864.file.myqcloud.com\/qqqq1111\/1523617118080","frontcover":"http:\/\/1254539864.vod2.myqcloud.com\/7d46732evodgzp1254539864\/2b5ff0937447398155466850804\/7447398155466850805.jpg","location":""}},{"userid":"qqqq1111","fileid":"7447398155469774833","timestamp":1523617210,"title":"test tape","type":2,"data_type":5,"playurl":"http:\/\/1254539864.vod2.myqcloud.com\/7d46732evodgzp1254539864\/101fe11d7447398155469774833\/0h9lTYaQ98EA.mp4","userinfo":{"nickname":"qqqq1111","headpic":"http:\/\/host-1254539864.file.myqcloud.com\/qqqq1111\/1523617118080","frontcover":"http:\/\/1254539864.vod2.myqcloud.com\/7d46732evodgzp1254539864\/101fe11d7447398155469774833\/7447398155469774834.jpg","location":""}},{"userid":"qqqq2222","fileid":"7447398155462271436","timestamp":1523578769,"title":"dhjjkoo","type":2,"data_type":5,"playurl":"http:\/\/1254539864.vod2.myqcloud.com\/7d46732evodgzp1254539864\/e99cb68d7447398155462271436\/Q5yxYUIdL7EA.mp4","userinfo":{"nickname":"qqqq2222","headpic":"","frontcover":"http:\/\/1254539864.vod2.myqcloud.com\/7d46732evodgzp1254539864\/e99cb68d7447398155462271436\/7447398155462271437.jpg","location":""}},{"userid":"qqqq2222","fileid":"7447398155459002127","timestamp":1523575385,"title":"fghjjjk","type":2,"data_type":5,"playurl":"http:\/\/1254539864.vod2.myqcloud.com\/7d46732evodgzp1254539864\/130a0da87447398155459002127\/qECLuKdBDLcA.mp4","userinfo":{"nickname":"qqqq2222","headpic":"","frontcover":"http:\/\/1254539864.vod2.myqcloud.com\/7d46732evodgzp1254539864\/130a0da87447398155459002127\/7447398155459002128.jpg","location":""}}]}}]
[2018-04-15 09:41:51][13141:2007795186:1523756511][][[interface.php][main][6][INFO][0] request:{"flag":1,"pageno":1,"pagesize":20,"Action":"FetchList"}]
[2018-04-15 09:41:51][13141:2007795186:1523756511][][appid:][[FetchList.php][process][28][INFO][0] FetchList args=array (
  'flag' => 1,
  'pageno' => 1,
  'pagesize' => 20,
)]
[2018-04-15 09:41:51][13141:2007795186:1523756511][][appid:][[FetchList.php][process][139][INFO][0] FetchList::process() succeed]
[2018-04-15 09:41:51][13141:2007795186:1523756511][][appid:][[interface.php][main][15][INFO][0] response(100):{"returnValue":0,"returnMsg":"return successfully!","returnData":{"totalcount":"0","pusherlist":[]}}]
[2018-04-15 09:41:51][13141:473602343:1523756511][][[interface.php][main][6][INFO][0] request:{"flag":5,"pageno":1,"pagesize":20,"Action":"FetchList"}]
[2018-04-15 09:41:51][13141:473602343:1523756511][][appid:][[FetchList.php][process][28][INFO][0] FetchList args=array (
  'flag' => 5,
  'pageno' => 1,
  'pagesize' => 20,
)]
[2018-04-15 09:41:51][13141:473602343:1523756511][][appid:][[FetchList.php][process][139][INFO][0] FetchList::process() succeed]
[2018-04-15 09:41:51][13141:473602343:1523756511][][appid:][[interface.php][main][15][INFO][0] response(1979):{"returnValue":0,"returnMsg":"return successfully!","returnData":{"totalcount":"4","pusherlist":[{"userid":"qqqq1111","fileid":"7447398155466850804","timestamp":1523619867,"title":"grwat video","type":2,"data_type":5,"playurl":"http:\/\/1254539864.vod2.myqcloud.com\/7d46732evodgzp1254539864\/2b5ff0937447398155466850804\/1Oeqa3Auvh4A.mp4","userinfo":{"nickname":"qqqq1111","headpic":"http:\/\/host-1254539864.file.myqcloud.com\/qqqq1111\/1523617118080","frontcover":"http:\/\/1254539864.vod2.myqcloud.com\/7d46732evodgzp1254539864\/2b5ff0937447398155466850804\/7447398155466850805.jpg","location":""}},{"userid":"qqqq1111","fileid":"7447398155469774833","timestamp":1523617210,"title":"test tape","type":2,"data_type":5,"playurl":"http:\/\/1254539864.vod2.myqcloud.com\/7d46732evodgzp1254539864\/101fe11d7447398155469774833\/0h9lTYaQ98EA.mp4","userinfo":{"nickname":"qqqq1111","headpic":"http:\/\/host-1254539864.file.myqcloud.com\/qqqq1111\/1523617118080","frontcover":"http:\/\/1254539864.vod2.myqcloud.com\/7d46732evodgzp1254539864\/101fe11d7447398155469774833\/7447398155469774834.jpg","location":""}},{"userid":"qqqq2222","fileid":"7447398155462271436","timestamp":1523578769,"title":"dhjjkoo","type":2,"data_type":5,"playurl":"http:\/\/1254539864.vod2.myqcloud.com\/7d46732evodgzp1254539864\/e99cb68d7447398155462271436\/Q5yxYUIdL7EA.mp4","userinfo":{"nickname":"qqqq2222","headpic":"","frontcover":"http:\/\/1254539864.vod2.myqcloud.com\/7d46732evodgzp1254539864\/e99cb68d7447398155462271436\/7447398155462271437.jpg","location":""}},{"userid":"qqqq2222","fileid":"7447398155459002127","timestamp":1523575385,"title":"fghjjjk","type":2,"data_type":5,"playurl":"http:\/\/1254539864.vod2.myqcloud.com\/7d46732evodgzp1254539864\/130a0da87447398155459002127\/qECLuKdBDLcA.mp4","userinfo":{"nickname":"qqqq2222","headpic":"","frontcover":"http:\/\/1254539864.vod2.myqcloud.com\/7d46732evodgzp1254539864\/130a0da87447398155459002127\/7447398155459002128.jpg","location":""}}]}}]
[2018-04-15 10:07:10][13141:269792190:1523758030][][[interface.php][main][6][INFO][0] request:]
[2018-04-15 10:07:10][13141:269792190:1523758030][][[interface.php][main][15][INFO][0] response(123):{"returnValue":4001,"returnMsg":"http post body is empty or invalid json format in post body from client!","returnData":[]}]
[2018-04-15 17:15:33][13141:733441136:1523783733][][[interface.php][main][6][INFO][0] request:]
[2018-04-15 17:15:33][13141:733441136:1523783733][][[interface.php][main][15][INFO][0] response(123):{"returnValue":4001,"returnMsg":"http post body is empty or invalid json format in post body from client!","returnData":[]}]
[2018-04-15 17:15:35][13141:115909398:1523783735][][[interface.php][main][6][INFO][0] request:]
[2018-04-15 17:15:35][13141:115909398:1523783735][][[interface.php][main][15][INFO][0] response(123):{"returnValue":4001,"returnMsg":"http post body is empty or invalid json format in post body from client!","returnData":[]}]
[2018-04-15 21:00:12][13141:199780499:1523797212][][[interface.php][main][6][INFO][0] request:]
[2018-04-15 21:00:12][13141:199780499:1523797212][][[interface.php][main][15][INFO][0] response(123):{"returnValue":4001,"returnMsg":"http post body is empty or invalid json format in post body from client!","returnData":[]}]
